[1.771s] Invoking command in '/home/mfauzi/ch3/my_node/src/my_node_py': DEBUGINFOD_URLS=https://debuginfod.ubuntu.com PYTHONPATH=/home/mfauzi/ch3/my_node/build/my_node_py/prefix_override:/usr/lib/python3/dist-packages/colcon_core/task/python/colcon_distutils_commands:/home/mfauzi/ch3/my_node/install/my_node_py/lib/python3.12/site-packages:${PYTHONPATH} /usr/bin/python3 -W ignore:setup.py install is deprecated -W ignore:easy_install command is deprecated setup.py egg_info --egg-base ../../build/my_node_py build --build-base /home/mfauzi/ch3/my_node/build/my_node_py/build install --record /home/mfauzi/ch3/my_node/build/my_node_py/install.log --single-version-externally-managed install_data
[2.156s] running egg_info
[2.157s] creating ../../build/my_node_py/my_node_py.egg-info
[2.184s] writing ../../build/my_node_py/my_node_py.egg-info/PKG-INFO
[2.185s] writing dependency_links to ../../build/my_node_py/my_node_py.egg-info/dependency_links.txt
[2.186s] writing entry points to ../../build/my_node_py/my_node_py.egg-info/entry_points.txt
[2.186s] writing requirements to ../../build/my_node_py/my_node_py.egg-info/requires.txt
[2.186s] writing top-level names to ../../build/my_node_py/my_node_py.egg-info/top_level.txt
[2.186s] writing manifest file '../../build/my_node_py/my_node_py.egg-info/SOURCES.txt'
[2.234s] reading manifest file '../../build/my_node_py/my_node_py.egg-info/SOURCES.txt'
[2.236s] writing manifest file '../../build/my_node_py/my_node_py.egg-info/SOURCES.txt'
[2.237s] running build
[2.237s] running build_py
[2.238s] creating /home/mfauzi/ch3/my_node/build/my_node_py/build
[2.238s] creating /home/mfauzi/ch3/my_node/build/my_node_py/build/lib
[2.239s] creating /home/mfauzi/ch3/my_node/build/my_node_py/build/lib/my_node_py
[2.239s] copying my_node_py/minimal_node.py -> /home/mfauzi/ch3/my_node/build/my_node_py/build/lib/my_node_py
[2.240s] copying my_node_py/__init__.py -> /home/mfauzi/ch3/my_node/build/my_node_py/build/lib/my_node_py
[2.241s] running install
[2.249s] running install_lib
[2.277s] creating /home/mfauzi/ch3/my_node/install/my_node_py/lib/python3.12/site-packages/my_node_py
[2.278s] copying /home/mfauzi/ch3/my_node/build/my_node_py/build/lib/my_node_py/minimal_node.py -> /home/mfauzi/ch3/my_node/install/my_node_py/lib/python3.12/site-packages/my_node_py
[2.279s] copying /home/mfauzi/ch3/my_node/build/my_node_py/build/lib/my_node_py/__init__.py -> /home/mfauzi/ch3/my_node/install/my_node_py/lib/python3.12/site-packages/my_node_py
[2.279s] byte-compiling /home/mfauzi/ch3/my_node/install/my_node_py/lib/python3.12/site-packages/my_node_py/minimal_node.py to minimal_node.cpython-312.pyc
[2.280s] byte-compiling /home/mfauzi/ch3/my_node/install/my_node_py/lib/python3.12/site-packages/my_node_py/__init__.py to __init__.cpython-312.pyc
[2.281s] running install_data
[2.282s] creating /home/mfauzi/ch3/my_node/install/my_node_py/share/ament_index
[2.282s] creating /home/mfauzi/ch3/my_node/install/my_node_py/share/ament_index/resource_index
[2.282s] creating /home/mfauzi/ch3/my_node/install/my_node_py/share/ament_index/resource_index/packages
[2.283s] copying resource/my_node_py -> /home/mfauzi/ch3/my_node/install/my_node_py/share/ament_index/resource_index/packages
[2.283s] copying package.xml -> /home/mfauzi/ch3/my_node/install/my_node_py/share/my_node_py
[2.284s] running install_egg_info
[2.311s] Copying ../../build/my_node_py/my_node_py.egg-info to /home/mfauzi/ch3/my_node/install/my_node_py/lib/python3.12/site-packages/my_node_py-0.0.0-py3.12.egg-info
[2.313s] running install_scripts
[2.498s] Installing minimal_node script to /home/mfauzi/ch3/my_node/install/my_node_py/lib/my_node_py
[2.499s] writing list of installed files to '/home/mfauzi/ch3/my_node/build/my_node_py/install.log'
[2.545s] Invoked command in '/home/mfauzi/ch3/my_node/src/my_node_py' returned '0': DEBUGINFOD_URLS=https://debuginfod.ubuntu.com PYTHONPATH=/home/mfauzi/ch3/my_node/build/my_node_py/prefix_override:/usr/lib/python3/dist-packages/colcon_core/task/python/colcon_distutils_commands:/home/mfauzi/ch3/my_node/install/my_node_py/lib/python3.12/site-packages:${PYTHONPATH} /usr/bin/python3 -W ignore:setup.py install is deprecated -W ignore:easy_install command is deprecated setup.py egg_info --egg-base ../../build/my_node_py build --build-base /home/mfauzi/ch3/my_node/build/my_node_py/build install --record /home/mfauzi/ch3/my_node/build/my_node_py/install.log --single-version-externally-managed install_data
