[1.264s] Invoking command in '/home/mfauzi/ros2_ws/src/node_temp_py': DEBUGINFOD_URLS=https://debuginfod.ubuntu.com PYTHONPATH=/home/mfauzi/ros2_ws/build/node_temp_py/prefix_override:/usr/lib/python3/dist-packages/colcon_core/task/python/colcon_distutils_commands:/home/mfauzi/ros2_ws/install/node_temp_py/lib/python3.12/site-packages:${PYTHONPATH} /usr/bin/python3 -W ignore:setup.py install is deprecated -W ignore:easy_install command is deprecated setup.py egg_info --egg-base ../../build/node_temp_py build --build-base /home/mfauzi/ros2_ws/build/node_temp_py/build install --record /home/mfauzi/ros2_ws/build/node_temp_py/install.log --single-version-externally-managed install_data
[1.630s] running egg_info
[1.657s] writing ../../build/node_temp_py/node_temp_py.egg-info/PKG-INFO
[1.658s] writing dependency_links to ../../build/node_temp_py/node_temp_py.egg-info/dependency_links.txt
[1.658s] writing entry points to ../../build/node_temp_py/node_temp_py.egg-info/entry_points.txt
[1.659s] writing requirements to ../../build/node_temp_py/node_temp_py.egg-info/requires.txt
[1.659s] writing top-level names to ../../build/node_temp_py/node_temp_py.egg-info/top_level.txt
[1.704s] reading manifest file '../../build/node_temp_py/node_temp_py.egg-info/SOURCES.txt'
[1.705s] writing manifest file '../../build/node_temp_py/node_temp_py.egg-info/SOURCES.txt'
[1.705s] running build
[1.705s] running build_py
[1.706s] running install
[1.714s] running install_lib
[1.747s] running install_data
[1.747s] running install_egg_info
[1.774s] removing '/home/mfauzi/ros2_ws/install/node_temp_py/lib/python3.12/site-packages/node_temp_py-0.0.0-py3.12.egg-info' (and everything under it)
[1.774s] Copying ../../build/node_temp_py/node_temp_py.egg-info to /home/mfauzi/ros2_ws/install/node_temp_py/lib/python3.12/site-packages/node_temp_py-0.0.0-py3.12.egg-info
[1.777s] running install_scripts
[1.958s] Installing temp_display script to /home/mfauzi/ros2_ws/install/node_temp_py/lib/node_temp_py
[1.958s] Installing temp_sensor script to /home/mfauzi/ros2_ws/install/node_temp_py/lib/node_temp_py
[1.959s] writing list of installed files to '/home/mfauzi/ros2_ws/build/node_temp_py/install.log'
[1.997s] Invoked command in '/home/mfauzi/ros2_ws/src/node_temp_py' returned '0': DEBUGINFOD_URLS=https://debuginfod.ubuntu.com PYTHONPATH=/home/mfauzi/ros2_ws/build/node_temp_py/prefix_override:/usr/lib/python3/dist-packages/colcon_core/task/python/colcon_distutils_commands:/home/mfauzi/ros2_ws/install/node_temp_py/lib/python3.12/site-packages:${PYTHONPATH} /usr/bin/python3 -W ignore:setup.py install is deprecated -W ignore:easy_install command is deprecated setup.py egg_info --egg-base ../../build/node_temp_py build --build-base /home/mfauzi/ros2_ws/build/node_temp_py/build install --record /home/mfauzi/ros2_ws/build/node_temp_py/install.log --single-version-externally-managed install_data
