[0.433s] DEBUG:colcon:Command line arguments: ['/usr/bin/colcon', 'build', '--packages-select', 'my_node_cpp']
[0.433s] DEBUG:colcon:Parsed command line arguments: Namespace(log_base=None, log_level=None, verb_name='build', build_base='build', install_base='install', merge_install=False, symlink_install=False, test_result_base=None, continue_on_error=False, executor='parallel', parallel_workers=8, event_handlers=None, ignore_user_meta=False, metas=['./colcon.meta'], base_paths=['.'], packages_ignore=None, packages_ignore_regex=None, paths=None, packages_up_to=None, packages_up_to_regex=None, packages_above=None, packages_above_and_dependencies=None, packages_above_depth=None, packages_select_by_dep=None, packages_skip_by_dep=None, packages_skip_up_to=None, packages_select_build_failed=False, packages_skip_build_finished=False, packages_select_test_failures=False, packages_skip_test_passed=False, packages_select=['my_node_cpp'], packages_skip=None, packages_select_regex=None, packages_skip_regex=None, packages_start=None, packages_end=None, allow_overriding=[], cmake_args=None, cmake_target=None, cmake_target_skip_unavailable=False, cmake_clean_cache=False, cmake_clean_first=False, cmake_force_configure=False, ament_cmake_args=None, catkin_cmake_args=None, catkin_skip_building_tests=False, mixin_files=None, mixin=None, verb_parser=<colcon_mixin.mixin.mixin_argument.MixinArgumentDecorator object at 0x7931a6785d00>, verb_extension=<colcon_core.verb.build.BuildVerb object at 0x7931a67851f0>, main=<bound method BuildVerb.main of <colcon_core.verb.build.BuildVerb object at 0x7931a67851f0>>, mixin_verb=('build',))
[0.525s] Level 1:colcon.colcon_core.package_discovery:discover_packages(colcon_meta) check parameters
[0.525s] Level 1:colcon.colcon_core.package_discovery:discover_packages(recursive) check parameters
[0.525s] Level 1:colcon.colcon_core.package_discovery:discover_packages(ignore) check parameters
[0.525s] Level 1:colcon.colcon_core.package_discovery:discover_packages(path) check parameters
[0.525s] Level 1:colcon.colcon_core.package_discovery:discover_packages(colcon_meta) discover
[0.525s] Level 1:colcon.colcon_core.package_discovery:discover_packages(recursive) discover
[0.525s] INFO:colcon.colcon_core.package_discovery:Crawling recursively for packages in '/home/mfauzi/ch3/my_node'
[0.525s] Level 1:colcon.colcon_core.package_identification:_identify(.) by extensions ['ignore', 'ignore_ament_install']
[0.526s] Level 1:colcon.colcon_core.package_identification:_identify(.) by extension 'ignore'
[0.526s] Level 1:colcon.colcon_core.package_identification:_identify(.) by extension 'ignore_ament_install'
[0.526s] Level 1:colcon.colcon_core.package_identification:_identify(.) by extensions ['colcon_pkg']
[0.526s] Level 1:colcon.colcon_core.package_identification:_identify(.) by extension 'colcon_pkg'
[0.527s] Level 1:colcon.colcon_core.package_identification:_identify(.) by extensions ['colcon_meta']
[0.527s] Level 1:colcon.colcon_core.package_identification:_identify(.) by extension 'colcon_meta'
[0.527s] Level 1:colcon.colcon_core.package_identification:_identify(.) by extensions ['ros']
[0.527s] Level 1:colcon.colcon_core.package_identification:_identify(.) by extension 'ros'
[0.591s] Level 1:colcon.colcon_core.package_identification:_identify(.) by extensions ['cmake', 'python']
[0.591s] Level 1:colcon.colcon_core.package_identification:_identify(.) by extension 'cmake'
[0.592s] Level 1:colcon.colcon_core.package_identification:_identify(.) by extension 'python'
[0.592s] Level 1:colcon.colcon_core.package_identification:_identify(.) by extensions ['python_setup_py']
[0.592s] Level 1:colcon.colcon_core.package_identification:_identify(.) by extension 'python_setup_py'
[0.592s] Level 1:colcon.colcon_core.package_identification:_identify(build) by extensions ['ignore', 'ignore_ament_install']
[0.592s] Level 1:colcon.colcon_core.package_identification:_identify(build) by extension 'ignore'
[0.592s] Level 1:colcon.colcon_core.package_identification:_identify(build) ignored
[0.593s] Level 1:colcon.colcon_core.package_identification:_identify(install) by extensions ['ignore', 'ignore_ament_install']
[0.593s] Level 1:colcon.colcon_core.package_identification:_identify(install) by extension 'ignore'
[0.593s] Level 1:colcon.colcon_core.package_identification:_identify(install) ignored
[0.593s] Level 1:colcon.colcon_core.package_identification:_identify(log) by extensions ['ignore', 'ignore_ament_install']
[0.593s] Level 1:colcon.colcon_core.package_identification:_identify(log) by extension 'ignore'
[0.593s] Level 1:colcon.colcon_core.package_identification:_identify(log) ignored
[0.593s] Level 1:colcon.colcon_core.package_identification:_identify(src) by extensions ['ignore', 'ignore_ament_install']
[0.593s] Level 1:colcon.colcon_core.package_identification:_identify(src) by extension 'ignore'
[0.594s] Level 1:colcon.colcon_core.package_identification:_identify(src) by extension 'ignore_ament_install'
[0.594s] Level 1:colcon.colcon_core.package_identification:_identify(src) by extensions ['colcon_pkg']
[0.594s] Level 1:colcon.colcon_core.package_identification:_identify(src) by extension 'colcon_pkg'
[0.594s] Level 1:colcon.colcon_core.package_identification:_identify(src) by extensions ['colcon_meta']
[0.594s] Level 1:colcon.colcon_core.package_identification:_identify(src) by extension 'colcon_meta'
[0.594s] Level 1:colcon.colcon_core.package_identification:_identify(src) by extensions ['ros']
[0.594s] Level 1:colcon.colcon_core.package_identification:_identify(src) by extension 'ros'
[0.594s] Level 1:colcon.colcon_core.package_identification:_identify(src) by extensions ['cmake', 'python']
[0.594s] Level 1:colcon.colcon_core.package_identification:_identify(src) by extension 'cmake'
[0.594s] Level 1:colcon.colcon_core.package_identification:_identify(src) by extension 'python'
[0.594s] Level 1:colcon.colcon_core.package_identification:_identify(src) by extensions ['python_setup_py']
[0.595s] Level 1:colcon.colcon_core.package_identification:_identify(src) by extension 'python_setup_py'
[0.595s] Level 1:colcon.colcon_core.package_identification:_identify(src/my_node_cpp) by extensions ['ignore', 'ignore_ament_install']
[0.595s] Level 1:colcon.colcon_core.package_identification:_identify(src/my_node_cpp) by extension 'ignore'
[0.595s] Level 1:colcon.colcon_core.package_identification:_identify(src/my_node_cpp) by extension 'ignore_ament_install'
[0.595s] Level 1:colcon.colcon_core.package_identification:_identify(src/my_node_cpp) by extensions ['colcon_pkg']
[0.595s] Level 1:colcon.colcon_core.package_identification:_identify(src/my_node_cpp) by extension 'colcon_pkg'
[0.595s] Level 1:colcon.colcon_core.package_identification:_identify(src/my_node_cpp) by extensions ['colcon_meta']
[0.595s] Level 1:colcon.colcon_core.package_identification:_identify(src/my_node_cpp) by extension 'colcon_meta'
[0.595s] Level 1:colcon.colcon_core.package_identification:_identify(src/my_node_cpp) by extensions ['ros']
[0.595s] Level 1:colcon.colcon_core.package_identification:_identify(src/my_node_cpp) by extension 'ros'
[0.600s] DEBUG:colcon.colcon_core.package_identification:Package 'src/my_node_cpp' with type 'ros.ament_cmake' and name 'my_node_cpp'
[0.600s] Level 1:colcon.colcon_core.package_identification:_identify(src/my_node_py) by extensions ['ignore', 'ignore_ament_install']
[0.601s] Level 1:colcon.colcon_core.package_identification:_identify(src/my_node_py) by extension 'ignore'
[0.601s] Level 1:colcon.colcon_core.package_identification:_identify(src/my_node_py) by extension 'ignore_ament_install'
[0.601s] Level 1:colcon.colcon_core.package_identification:_identify(src/my_node_py) by extensions ['colcon_pkg']
[0.601s] Level 1:colcon.colcon_core.package_identification:_identify(src/my_node_py) by extension 'colcon_pkg'
[0.601s] Level 1:colcon.colcon_core.package_identification:_identify(src/my_node_py) by extensions ['colcon_meta']
[0.601s] Level 1:colcon.colcon_core.package_identification:_identify(src/my_node_py) by extension 'colcon_meta'
[0.601s] Level 1:colcon.colcon_core.package_identification:_identify(src/my_node_py) by extensions ['ros']
[0.601s] Level 1:colcon.colcon_core.package_identification:_identify(src/my_node_py) by extension 'ros'
[0.602s] DEBUG:colcon.colcon_core.package_identification:Package 'src/my_node_py' with type 'ros.ament_python' and name 'my_node_py'
[0.603s] Level 1:colcon.colcon_core.package_discovery:discover_packages(recursive) using defaults
[0.603s] Level 1:colcon.colcon_core.package_discovery:discover_packages(ignore) discover
[0.603s] Level 1:colcon.colcon_core.package_discovery:discover_packages(ignore) using defaults
[0.603s] Level 1:colcon.colcon_core.package_discovery:discover_packages(path) discover
[0.603s] Level 1:colcon.colcon_core.package_discovery:discover_packages(path) using defaults
[0.646s] INFO:colcon.colcon_core.package_selection:Skipping not selected package 'my_node_py' in 'src/my_node_py'
[0.649s] Level 1:colcon.colcon_core.package_discovery:discover_packages(prefix_path) check parameters
[0.649s] Level 1:colcon.colcon_core.package_discovery:discover_packages(prefix_path) discover
[0.656s] DEBUG:colcon.colcon_installed_package_information.package_discovery:Found 286 installed packages in /opt/ros/jazzy
[0.659s] Level 1:colcon.colcon_core.package_discovery:discover_packages(prefix_path) using defaults
[0.747s] Level 5:colcon.colcon_core.verb:set package 'my_node_cpp' build argument 'cmake_args' from command line to 'None'
[0.747s] Level 5:colcon.colcon_core.verb:set package 'my_node_cpp' build argument 'cmake_target' from command line to 'None'
[0.747s] Level 5:colcon.colcon_core.verb:set package 'my_node_cpp' build argument 'cmake_target_skip_unavailable' from command line to 'False'
[0.747s] Level 5:colcon.colcon_core.verb:set package 'my_node_cpp' build argument 'cmake_clean_cache' from command line to 'False'
[0.747s] Level 5:colcon.colcon_core.verb:set package 'my_node_cpp' build argument 'cmake_clean_first' from command line to 'False'
[0.747s] Level 5:colcon.colcon_core.verb:set package 'my_node_cpp' build argument 'cmake_force_configure' from command line to 'False'
[0.747s] Level 5:colcon.colcon_core.verb:set package 'my_node_cpp' build argument 'ament_cmake_args' from command line to 'None'
[0.747s] Level 5:colcon.colcon_core.verb:set package 'my_node_cpp' build argument 'catkin_cmake_args' from command line to 'None'
[0.747s] Level 5:colcon.colcon_core.verb:set package 'my_node_cpp' build argument 'catkin_skip_building_tests' from command line to 'False'
[0.747s] DEBUG:colcon.colcon_core.verb:Building package 'my_node_cpp' with the following arguments: {'ament_cmake_args': None, 'build_base': '/home/mfauzi/ch3/my_node/build/my_node_cpp', 'catkin_cmake_args': None, 'catkin_skip_building_tests': False, 'cmake_args': None, 'cmake_clean_cache': False, 'cmake_clean_first': False, 'cmake_force_configure': False, 'cmake_target': None, 'cmake_target_skip_unavailable': False, 'install_base': '/home/mfauzi/ch3/my_node/install/my_node_cpp', 'merge_install': False, 'path': '/home/mfauzi/ch3/my_node/src/my_node_cpp', 'symlink_install': False, 'test_result_base': None}
[0.748s] INFO:colcon.colcon_core.executor:Executing jobs using 'parallel' executor
[0.751s] DEBUG:colcon.colcon_parallel_executor.executor.parallel:run_until_complete
[0.751s] INFO:colcon.colcon_ros.task.ament_cmake.build:Building ROS package in '/home/mfauzi/ch3/my_node/src/my_node_cpp' with build type 'ament_cmake'
[0.752s] INFO:colcon.colcon_cmake.task.cmake.build:Building CMake package in '/home/mfauzi/ch3/my_node/src/my_node_cpp'
[0.758s] INFO:colcon.colcon_core.plugin_system:Skipping extension 'colcon_core.shell.bat': Not used on non-Windows systems
[0.759s] INFO:colcon.colcon_core.shell:Skip shell extension 'powershell' for command environment: Not usable outside of PowerShell
[0.759s] DEBUG:colcon.colcon_core.shell:Skip shell extension 'dsv' for command environment
[0.782s] DEBUG:colcon.colcon_core.event_handler.log_command:Invoking command in '/home/mfauzi/ch3/my_node/build/my_node_cpp': CMAKE_PREFIX_PATH=${CMAKE_PREFIX_PATH}:/opt/ros/jazzy DEBUGINFOD_URLS=https://debuginfod.ubuntu.com /usr/bin/cmake /home/mfauzi/ch3/my_node/src/my_node_cpp -DCMAKE_INSTALL_PREFIX=/home/mfauzi/ch3/my_node/install/my_node_cpp
[6.931s] DEBUG:colcon.colcon_core.event_handler.log_command:Invoked command in '/home/mfauzi/ch3/my_node/build/my_node_cpp' returned '0': CMAKE_PREFIX_PATH=${CMAKE_PREFIX_PATH}:/opt/ros/jazzy DEBUGINFOD_URLS=https://debuginfod.ubuntu.com /usr/bin/cmake /home/mfauzi/ch3/my_node/src/my_node_cpp -DCMAKE_INSTALL_PREFIX=/home/mfauzi/ch3/my_node/install/my_node_cpp
[6.937s] DEBUG:colcon.colcon_core.event_handler.log_command:Invoking command in '/home/mfauzi/ch3/my_node/build/my_node_cpp': CMAKE_PREFIX_PATH=${CMAKE_PREFIX_PATH}:/opt/ros/jazzy DEBUGINFOD_URLS=https://debuginfod.ubuntu.com /usr/bin/cmake --build /home/mfauzi/ch3/my_node/build/my_node_cpp -- -j8 -l8
[13.805s] DEBUG:colcon.colcon_core.event_handler.log_command:Invoked command in '/home/mfauzi/ch3/my_node/build/my_node_cpp' returned '0': CMAKE_PREFIX_PATH=${CMAKE_PREFIX_PATH}:/opt/ros/jazzy DEBUGINFOD_URLS=https://debuginfod.ubuntu.com /usr/bin/cmake --build /home/mfauzi/ch3/my_node/build/my_node_cpp -- -j8 -l8
[13.827s] DEBUG:colcon.colcon_core.event_handler.log_command:Invoking command in '/home/mfauzi/ch3/my_node/build/my_node_cpp': CMAKE_PREFIX_PATH=${CMAKE_PREFIX_PATH}:/opt/ros/jazzy DEBUGINFOD_URLS=https://debuginfod.ubuntu.com /usr/bin/cmake --install /home/mfauzi/ch3/my_node/build/my_node_cpp
[13.856s] Level 1:colcon.colcon_core.environment:create_environment_scripts_only(my_node_cpp)
[13.860s] DEBUG:colcon.colcon_core.event_handler.log_command:Invoked command in '/home/mfauzi/ch3/my_node/build/my_node_cpp' returned '0': CMAKE_PREFIX_PATH=${CMAKE_PREFIX_PATH}:/opt/ros/jazzy DEBUGINFOD_URLS=https://debuginfod.ubuntu.com /usr/bin/cmake --install /home/mfauzi/ch3/my_node/build/my_node_cpp
[13.868s] Level 1:colcon.colcon_core.environment:checking '/home/mfauzi/ch3/my_node/install/my_node_cpp' for CMake module files
[13.870s] Level 1:colcon.colcon_core.environment:checking '/home/mfauzi/ch3/my_node/install/my_node_cpp' for CMake config files
[13.870s] Level 1:colcon.colcon_core.shell:create_environment_hook('my_node_cpp', 'cmake_prefix_path')
[13.871s] INFO:colcon.colcon_core.shell:Creating environment hook '/home/mfauzi/ch3/my_node/install/my_node_cpp/share/my_node_cpp/hook/cmake_prefix_path.ps1'
[13.876s] INFO:colcon.colcon_core.shell:Creating environment descriptor '/home/mfauzi/ch3/my_node/install/my_node_cpp/share/my_node_cpp/hook/cmake_prefix_path.dsv'
[13.877s] INFO:colcon.colcon_core.shell:Creating environment hook '/home/mfauzi/ch3/my_node/install/my_node_cpp/share/my_node_cpp/hook/cmake_prefix_path.sh'
[13.879s] Level 1:colcon.colcon_core.environment:checking '/home/mfauzi/ch3/my_node/install/my_node_cpp/lib'
[13.880s] Level 1:colcon.colcon_core.environment:checking '/home/mfauzi/ch3/my_node/install/my_node_cpp/bin'
[13.880s] Level 1:colcon.colcon_core.environment:checking '/home/mfauzi/ch3/my_node/install/my_node_cpp/lib/pkgconfig/my_node_cpp.pc'
[13.880s] Level 1:colcon.colcon_core.environment:checking '/home/mfauzi/ch3/my_node/install/my_node_cpp/lib/python3.12/site-packages'
[13.881s] Level 1:colcon.colcon_core.environment:checking '/home/mfauzi/ch3/my_node/install/my_node_cpp/bin'
[13.882s] INFO:colcon.colcon_core.shell:Creating package script '/home/mfauzi/ch3/my_node/install/my_node_cpp/share/my_node_cpp/package.ps1'
[13.884s] INFO:colcon.colcon_core.shell:Creating package descriptor '/home/mfauzi/ch3/my_node/install/my_node_cpp/share/my_node_cpp/package.dsv'
[13.886s] INFO:colcon.colcon_core.shell:Creating package script '/home/mfauzi/ch3/my_node/install/my_node_cpp/share/my_node_cpp/package.sh'
[13.888s] INFO:colcon.colcon_core.shell:Creating package script '/home/mfauzi/ch3/my_node/install/my_node_cpp/share/my_node_cpp/package.bash'
[13.889s] INFO:colcon.colcon_core.shell:Creating package script '/home/mfauzi/ch3/my_node/install/my_node_cpp/share/my_node_cpp/package.zsh'
[13.891s] Level 1:colcon.colcon_core.environment:create_file_with_runtime_dependencies(/home/mfauzi/ch3/my_node/install/my_node_cpp/share/colcon-core/packages/my_node_cpp)
[13.893s] Level 1:colcon.colcon_core.environment:create_environment_scripts_only(my_node_cpp)
[13.894s] Level 1:colcon.colcon_core.environment:checking '/home/mfauzi/ch3/my_node/install/my_node_cpp' for CMake module files
[13.894s] Level 1:colcon.colcon_core.environment:checking '/home/mfauzi/ch3/my_node/install/my_node_cpp' for CMake config files
[13.895s] Level 1:colcon.colcon_core.shell:create_environment_hook('my_node_cpp', 'cmake_prefix_path')
[13.895s] INFO:colcon.colcon_core.shell:Creating environment hook '/home/mfauzi/ch3/my_node/install/my_node_cpp/share/my_node_cpp/hook/cmake_prefix_path.ps1'
[13.896s] INFO:colcon.colcon_core.shell:Creating environment descriptor '/home/mfauzi/ch3/my_node/install/my_node_cpp/share/my_node_cpp/hook/cmake_prefix_path.dsv'
[13.896s] INFO:colcon.colcon_core.shell:Creating environment hook '/home/mfauzi/ch3/my_node/install/my_node_cpp/share/my_node_cpp/hook/cmake_prefix_path.sh'
[13.897s] Level 1:colcon.colcon_core.environment:checking '/home/mfauzi/ch3/my_node/install/my_node_cpp/lib'
[13.897s] Level 1:colcon.colcon_core.environment:checking '/home/mfauzi/ch3/my_node/install/my_node_cpp/bin'
[13.897s] Level 1:colcon.colcon_core.environment:checking '/home/mfauzi/ch3/my_node/install/my_node_cpp/lib/pkgconfig/my_node_cpp.pc'
[13.897s] Level 1:colcon.colcon_core.environment:checking '/home/mfauzi/ch3/my_node/install/my_node_cpp/lib/python3.12/site-packages'
[13.898s] Level 1:colcon.colcon_core.environment:checking '/home/mfauzi/ch3/my_node/install/my_node_cpp/bin'
[13.898s] INFO:colcon.colcon_core.shell:Creating package script '/home/mfauzi/ch3/my_node/install/my_node_cpp/share/my_node_cpp/package.ps1'
[13.899s] INFO:colcon.colcon_core.shell:Creating package descriptor '/home/mfauzi/ch3/my_node/install/my_node_cpp/share/my_node_cpp/package.dsv'
[13.900s] INFO:colcon.colcon_core.shell:Creating package script '/home/mfauzi/ch3/my_node/install/my_node_cpp/share/my_node_cpp/package.sh'
[13.900s] INFO:colcon.colcon_core.shell:Creating package script '/home/mfauzi/ch3/my_node/install/my_node_cpp/share/my_node_cpp/package.bash'
[13.901s] INFO:colcon.colcon_core.shell:Creating package script '/home/mfauzi/ch3/my_node/install/my_node_cpp/share/my_node_cpp/package.zsh'
[13.902s] Level 1:colcon.colcon_core.environment:create_file_with_runtime_dependencies(/home/mfauzi/ch3/my_node/install/my_node_cpp/share/colcon-core/packages/my_node_cpp)
[13.903s] DEBUG:colcon.colcon_parallel_executor.executor.parallel:closing loop
[13.905s] DEBUG:colcon.colcon_parallel_executor.executor.parallel:loop closed
[13.905s] DEBUG:colcon.colcon_parallel_executor.executor.parallel:run_until_complete finished with '0'
[13.905s] DEBUG:colcon.colcon_core.event_reactor:joining thread
[13.993s] INFO:colcon.colcon_core.plugin_system:Skipping extension 'colcon_notification.desktop_notification.notify_send': Could not find 'notify-send'
[13.993s] INFO:colcon.colcon_core.plugin_system:Skipping extension 'colcon_notification.desktop_notification.terminal_notifier': Not used on non-Darwin systems
[13.994s] INFO:colcon.colcon_core.plugin_system:Skipping extension 'colcon_notification.desktop_notification.win32': Not used on non-Windows systems
[13.994s] INFO:colcon.colcon_notification.desktop_notification:Sending desktop notification using 'notify2'
[14.001s] DEBUG:colcon.colcon_notification.desktop_notification.notify2:Failed to initialize notify2: org.freedesktop.DBus.Error.ServiceUnknown: The name org.freedesktop.Notifications was not provided by any .service files
[14.001s] DEBUG:colcon.colcon_core.event_reactor:joined thread
[14.002s] INFO:colcon.colcon_core.shell:Creating prefix script '/home/mfauzi/ch3/my_node/install/local_setup.ps1'
[14.003s] INFO:colcon.colcon_core.shell:Creating prefix util module '/home/mfauzi/ch3/my_node/install/_local_setup_util_ps1.py'
[14.006s] INFO:colcon.colcon_core.shell:Creating prefix chain script '/home/mfauzi/ch3/my_node/install/setup.ps1'
[14.007s] INFO:colcon.colcon_core.shell:Creating prefix script '/home/mfauzi/ch3/my_node/install/local_setup.sh'
[14.009s] INFO:colcon.colcon_core.shell:Creating prefix util module '/home/mfauzi/ch3/my_node/install/_local_setup_util_sh.py'
[14.009s] INFO:colcon.colcon_core.shell:Creating prefix chain script '/home/mfauzi/ch3/my_node/install/setup.sh'
[14.011s] INFO:colcon.colcon_core.shell:Creating prefix script '/home/mfauzi/ch3/my_node/install/local_setup.bash'
[14.012s] INFO:colcon.colcon_core.shell:Creating prefix chain script '/home/mfauzi/ch3/my_node/install/setup.bash'
[14.013s] INFO:colcon.colcon_core.shell:Creating prefix script '/home/mfauzi/ch3/my_node/install/local_setup.zsh'
[14.014s] INFO:colcon.colcon_core.shell:Creating prefix chain script '/home/mfauzi/ch3/my_node/install/setup.zsh'
