[1.574s] Invoking command in '/home/mfauzi/ros2_ws/src/my_node_py': DEBUGINFOD_URLS=https://debuginfod.ubuntu.com PYTHONPATH=/home/mfauzi/ros2_ws/build/my_node_py/prefix_override:/usr/lib/python3/dist-packages/colcon_core/task/python/colcon_distutils_commands:/home/mfauzi/ros2_ws/install/my_node_py/lib/python3.12/site-packages:${PYTHONPATH} /usr/bin/python3 -W ignore:setup.py install is deprecated -W ignore:easy_install command is deprecated setup.py egg_info --egg-base ../../build/my_node_py build --build-base /home/mfauzi/ros2_ws/build/my_node_py/build install --record /home/mfauzi/ros2_ws/build/my_node_py/install.log --single-version-externally-managed install_data
[1.974s] running egg_info
[2.001s] writing ../../build/my_node_py/my_node_py.egg-info/PKG-INFO
[2.002s] writing dependency_links to ../../build/my_node_py/my_node_py.egg-info/dependency_links.txt
[2.002s] writing entry points to ../../build/my_node_py/my_node_py.egg-info/entry_points.txt
[2.003s] writing requirements to ../../build/my_node_py/my_node_py.egg-info/requires.txt
[2.004s] writing top-level names to ../../build/my_node_py/my_node_py.egg-info/top_level.txt
[2.064s] reading manifest file '../../build/my_node_py/my_node_py.egg-info/SOURCES.txt'
[2.065s] writing manifest file '../../build/my_node_py/my_node_py.egg-info/SOURCES.txt'
[2.065s] running build
[2.066s] running build_py
[2.066s] running install
[2.074s] running install_lib
[2.103s] running install_data
[2.103s] running install_egg_info
[2.138s] removing '/home/mfauzi/ros2_ws/install/my_node_py/lib/python3.12/site-packages/my_node_py-0.0.0-py3.12.egg-info' (and everything under it)
[2.139s] Copying ../../build/my_node_py/my_node_py.egg-info to /home/mfauzi/ros2_ws/install/my_node_py/lib/python3.12/site-packages/my_node_py-0.0.0-py3.12.egg-info
[2.144s] running install_scripts
[2.323s] Installing minimal_node script to /home/mfauzi/ros2_ws/install/my_node_py/lib/my_node_py
[2.324s] writing list of installed files to '/home/mfauzi/ros2_ws/build/my_node_py/install.log'
[2.384s] Invoked command in '/home/mfauzi/ros2_ws/src/my_node_py' returned '0': DEBUGINFOD_URLS=https://debuginfod.ubuntu.com PYTHONPATH=/home/mfauzi/ros2_ws/build/my_node_py/prefix_override:/usr/lib/python3/dist-packages/colcon_core/task/python/colcon_distutils_commands:/home/mfauzi/ros2_ws/install/my_node_py/lib/python3.12/site-packages:${PYTHONPATH} /usr/bin/python3 -W ignore:setup.py install is deprecated -W ignore:easy_install command is deprecated setup.py egg_info --egg-base ../../build/my_node_py build --build-base /home/mfauzi/ros2_ws/build/my_node_py/build install --record /home/mfauzi/ros2_ws/build/my_node_py/install.log --single-version-externally-managed install_data
