[0.312s] DEBUG:colcon:Command line arguments: ['/usr/bin/colcon', 'build', '--packages-select', 'my_node_py']
[0.312s] DEBUG:colcon:Parsed command line arguments: Namespace(log_base=None, log_level=None, verb_name='build', build_base='build', install_base='install', merge_install=False, symlink_install=False, test_result_base=None, continue_on_error=False, executor='parallel', parallel_workers=8, event_handlers=None, ignore_user_meta=False, metas=['./colcon.meta'], base_paths=['.'], packages_ignore=None, packages_ignore_regex=None, paths=None, packages_up_to=None, packages_up_to_regex=None, packages_above=None, packages_above_and_dependencies=None, packages_above_depth=None, packages_select_by_dep=None, packages_skip_by_dep=None, packages_skip_up_to=None, packages_select_build_failed=False, packages_skip_build_finished=False, packages_select_test_failures=False, packages_skip_test_passed=False, packages_select=['my_node_py'], packages_skip=None, packages_select_regex=None, packages_skip_regex=None, packages_start=None, packages_end=None, allow_overriding=[], cmake_args=None, cmake_target=None, cmake_target_skip_unavailable=False, cmake_clean_cache=False, cmake_clean_first=False, cmake_force_configure=False, ament_cmake_args=None, catkin_cmake_args=None, catkin_skip_building_tests=False, mixin_files=None, mixin=None, verb_parser=<colcon_mixin.mixin.mixin_argument.MixinArgumentDecorator object at 0x7050d9d85ee0>, verb_extension=<colcon_core.verb.build.BuildVerb object at 0x7050d9d853d0>, main=<bound method BuildVerb.main of <colcon_core.verb.build.BuildVerb object at 0x7050d9d853d0>>, mixin_verb=('build',))
[0.378s] Level 1:colcon.colcon_core.package_discovery:discover_packages(colcon_meta) check parameters
[0.379s] Level 1:colcon.colcon_core.package_discovery:discover_packages(recursive) check parameters
[0.379s] Level 1:colcon.colcon_core.package_discovery:discover_packages(ignore) check parameters
[0.379s] Level 1:colcon.colcon_core.package_discovery:discover_packages(path) check parameters
[0.379s] Level 1:colcon.colcon_core.package_discovery:discover_packages(colcon_meta) discover
[0.379s] Level 1:colcon.colcon_core.package_discovery:discover_packages(recursive) discover
[0.379s] INFO:colcon.colcon_core.package_discovery:Crawling recursively for packages in '/home/mfauzi/ch3/my_node'
[0.380s] Level 1:colcon.colcon_core.package_identification:_identify(.) by extensions ['ignore', 'ignore_ament_install']
[0.380s] Level 1:colcon.colcon_core.package_identification:_identify(.) by extension 'ignore'
[0.380s] Level 1:colcon.colcon_core.package_identification:_identify(.) by extension 'ignore_ament_install'
[0.380s] Level 1:colcon.colcon_core.package_identification:_identify(.) by extensions ['colcon_pkg']
[0.380s] Level 1:colcon.colcon_core.package_identification:_identify(.) by extension 'colcon_pkg'
[0.380s] Level 1:colcon.colcon_core.package_identification:_identify(.) by extensions ['colcon_meta']
[0.380s] Level 1:colcon.colcon_core.package_identification:_identify(.) by extension 'colcon_meta'
[0.380s] Level 1:colcon.colcon_core.package_identification:_identify(.) by extensions ['ros']
[0.380s] Level 1:colcon.colcon_core.package_identification:_identify(.) by extension 'ros'
[0.423s] Level 1:colcon.colcon_core.package_identification:_identify(.) by extensions ['cmake', 'python']
[0.423s] Level 1:colcon.colcon_core.package_identification:_identify(.) by extension 'cmake'
[0.423s] Level 1:colcon.colcon_core.package_identification:_identify(.) by extension 'python'
[0.423s] Level 1:colcon.colcon_core.package_identification:_identify(.) by extensions ['python_setup_py']
[0.423s] Level 1:colcon.colcon_core.package_identification:_identify(.) by extension 'python_setup_py'
[0.423s] Level 1:colcon.colcon_core.package_identification:_identify(build) by extensions ['ignore', 'ignore_ament_install']
[0.423s] Level 1:colcon.colcon_core.package_identification:_identify(build) by extension 'ignore'
[0.424s] Level 1:colcon.colcon_core.package_identification:_identify(build) ignored
[0.424s] Level 1:colcon.colcon_core.package_identification:_identify(install) by extensions ['ignore', 'ignore_ament_install']
[0.424s] Level 1:colcon.colcon_core.package_identification:_identify(install) by extension 'ignore'
[0.424s] Level 1:colcon.colcon_core.package_identification:_identify(install) ignored
[0.424s] Level 1:colcon.colcon_core.package_identification:_identify(log) by extensions ['ignore', 'ignore_ament_install']
[0.424s] Level 1:colcon.colcon_core.package_identification:_identify(log) by extension 'ignore'
[0.424s] Level 1:colcon.colcon_core.package_identification:_identify(log) ignored
[0.424s] Level 1:colcon.colcon_core.package_identification:_identify(src) by extensions ['ignore', 'ignore_ament_install']
[0.424s] Level 1:colcon.colcon_core.package_identification:_identify(src) by extension 'ignore'
[0.424s] Level 1:colcon.colcon_core.package_identification:_identify(src) by extension 'ignore_ament_install'
[0.424s] Level 1:colcon.colcon_core.package_identification:_identify(src) by extensions ['colcon_pkg']
[0.424s] Level 1:colcon.colcon_core.package_identification:_identify(src) by extension 'colcon_pkg'
[0.425s] Level 1:colcon.colcon_core.package_identification:_identify(src) by extensions ['colcon_meta']
[0.425s] Level 1:colcon.colcon_core.package_identification:_identify(src) by extension 'colcon_meta'
[0.425s] Level 1:colcon.colcon_core.package_identification:_identify(src) by extensions ['ros']
[0.425s] Level 1:colcon.colcon_core.package_identification:_identify(src) by extension 'ros'
[0.425s] Level 1:colcon.colcon_core.package_identification:_identify(src) by extensions ['cmake', 'python']
[0.425s] Level 1:colcon.colcon_core.package_identification:_identify(src) by extension 'cmake'
[0.425s] Level 1:colcon.colcon_core.package_identification:_identify(src) by extension 'python'
[0.425s] Level 1:colcon.colcon_core.package_identification:_identify(src) by extensions ['python_setup_py']
[0.425s] Level 1:colcon.colcon_core.package_identification:_identify(src) by extension 'python_setup_py'
[0.425s] Level 1:colcon.colcon_core.package_identification:_identify(src/my_node_py) by extensions ['ignore', 'ignore_ament_install']
[0.425s] Level 1:colcon.colcon_core.package_identification:_identify(src/my_node_py) by extension 'ignore'
[0.425s] Level 1:colcon.colcon_core.package_identification:_identify(src/my_node_py) by extension 'ignore_ament_install'
[0.425s] Level 1:colcon.colcon_core.package_identification:_identify(src/my_node_py) by extensions ['colcon_pkg']
[0.425s] Level 1:colcon.colcon_core.package_identification:_identify(src/my_node_py) by extension 'colcon_pkg'
[0.425s] Level 1:colcon.colcon_core.package_identification:_identify(src/my_node_py) by extensions ['colcon_meta']
[0.425s] Level 1:colcon.colcon_core.package_identification:_identify(src/my_node_py) by extension 'colcon_meta'
[0.425s] Level 1:colcon.colcon_core.package_identification:_identify(src/my_node_py) by extensions ['ros']
[0.425s] Level 1:colcon.colcon_core.package_identification:_identify(src/my_node_py) by extension 'ros'
[0.430s] DEBUG:colcon.colcon_core.package_identification:Package 'src/my_node_py' with type 'ros.ament_python' and name 'my_node_py'
[0.430s] Level 1:colcon.colcon_core.package_discovery:discover_packages(recursive) using defaults
[0.430s] Level 1:colcon.colcon_core.package_discovery:discover_packages(ignore) discover
[0.430s] Level 1:colcon.colcon_core.package_discovery:discover_packages(ignore) using defaults
[0.430s] Level 1:colcon.colcon_core.package_discovery:discover_packages(path) discover
[0.430s] Level 1:colcon.colcon_core.package_discovery:discover_packages(path) using defaults
[0.459s] Level 1:colcon.colcon_core.package_discovery:discover_packages(prefix_path) check parameters
[0.459s] Level 1:colcon.colcon_core.package_discovery:discover_packages(prefix_path) discover
[0.468s] DEBUG:colcon.colcon_installed_package_information.package_discovery:Found 286 installed packages in /opt/ros/jazzy
[0.470s] Level 1:colcon.colcon_core.package_discovery:discover_packages(prefix_path) using defaults
[0.537s] Level 5:colcon.colcon_core.verb:set package 'my_node_py' build argument 'cmake_args' from command line to 'None'
[0.537s] Level 5:colcon.colcon_core.verb:set package 'my_node_py' build argument 'cmake_target' from command line to 'None'
[0.537s] Level 5:colcon.colcon_core.verb:set package 'my_node_py' build argument 'cmake_target_skip_unavailable' from command line to 'False'
[0.537s] Level 5:colcon.colcon_core.verb:set package 'my_node_py' build argument 'cmake_clean_cache' from command line to 'False'
[0.537s] Level 5:colcon.colcon_core.verb:set package 'my_node_py' build argument 'cmake_clean_first' from command line to 'False'
[0.537s] Level 5:colcon.colcon_core.verb:set package 'my_node_py' build argument 'cmake_force_configure' from command line to 'False'
[0.537s] Level 5:colcon.colcon_core.verb:set package 'my_node_py' build argument 'ament_cmake_args' from command line to 'None'
[0.537s] Level 5:colcon.colcon_core.verb:set package 'my_node_py' build argument 'catkin_cmake_args' from command line to 'None'
[0.537s] Level 5:colcon.colcon_core.verb:set package 'my_node_py' build argument 'catkin_skip_building_tests' from command line to 'False'
[0.537s] DEBUG:colcon.colcon_core.verb:Building package 'my_node_py' with the following arguments: {'ament_cmake_args': None, 'build_base': '/home/mfauzi/ch3/my_node/build/my_node_py', 'catkin_cmake_args': None, 'catkin_skip_building_tests': False, 'cmake_args': None, 'cmake_clean_cache': False, 'cmake_clean_first': False, 'cmake_force_configure': False, 'cmake_target': None, 'cmake_target_skip_unavailable': False, 'install_base': '/home/mfauzi/ch3/my_node/install/my_node_py', 'merge_install': False, 'path': '/home/mfauzi/ch3/my_node/src/my_node_py', 'symlink_install': False, 'test_result_base': None}
[0.537s] INFO:colcon.colcon_core.executor:Executing jobs using 'parallel' executor
[0.539s] DEBUG:colcon.colcon_parallel_executor.executor.parallel:run_until_complete
[0.540s] INFO:colcon.colcon_ros.task.ament_python.build:Building ROS package in '/home/mfauzi/ch3/my_node/src/my_node_py' with build type 'ament_python'
[0.540s] Level 1:colcon.colcon_core.shell:create_environment_hook('my_node_py', 'ament_prefix_path')
[0.550s] INFO:colcon.colcon_core.plugin_system:Skipping extension 'colcon_core.shell.bat': Not used on non-Windows systems
[0.550s] INFO:colcon.colcon_core.shell:Creating environment hook '/home/mfauzi/ch3/my_node/install/my_node_py/share/my_node_py/hook/ament_prefix_path.ps1'
[0.553s] INFO:colcon.colcon_core.shell:Creating environment descriptor '/home/mfauzi/ch3/my_node/install/my_node_py/share/my_node_py/hook/ament_prefix_path.dsv'
[0.554s] INFO:colcon.colcon_core.shell:Creating environment hook '/home/mfauzi/ch3/my_node/install/my_node_py/share/my_node_py/hook/ament_prefix_path.sh'
[0.555s] INFO:colcon.colcon_core.shell:Skip shell extension 'powershell' for command environment: Not usable outside of PowerShell
[0.556s] DEBUG:colcon.colcon_core.shell:Skip shell extension 'dsv' for command environment
[0.913s] INFO:colcon.colcon_core.task.python.build:Building Python package in '/home/mfauzi/ch3/my_node/src/my_node_py'
[0.914s] INFO:colcon.colcon_core.shell:Skip shell extension 'powershell' for command environment: Not usable outside of PowerShell
[0.914s] DEBUG:colcon.colcon_core.shell:Skip shell extension 'dsv' for command environment
[2.312s] DEBUG:colcon.colcon_core.event_handler.log_command:Invoking command in '/home/mfauzi/ch3/my_node/src/my_node_py': DEBUGINFOD_URLS=https://debuginfod.ubuntu.com PYTHONPATH=/home/mfauzi/ch3/my_node/build/my_node_py/prefix_override:/usr/lib/python3/dist-packages/colcon_core/task/python/colcon_distutils_commands:/home/mfauzi/ch3/my_node/install/my_node_py/lib/python3.12/site-packages:${PYTHONPATH} /usr/bin/python3 -W ignore:setup.py install is deprecated -W ignore:easy_install command is deprecated setup.py egg_info --egg-base ../../build/my_node_py build --build-base /home/mfauzi/ch3/my_node/build/my_node_py/build install --record /home/mfauzi/ch3/my_node/build/my_node_py/install.log --single-version-externally-managed install_data
[3.086s] DEBUG:colcon.colcon_core.event_handler.log_command:Invoked command in '/home/mfauzi/ch3/my_node/src/my_node_py' returned '0': DEBUGINFOD_URLS=https://debuginfod.ubuntu.com PYTHONPATH=/home/mfauzi/ch3/my_node/build/my_node_py/prefix_override:/usr/lib/python3/dist-packages/colcon_core/task/python/colcon_distutils_commands:/home/mfauzi/ch3/my_node/install/my_node_py/lib/python3.12/site-packages:${PYTHONPATH} /usr/bin/python3 -W ignore:setup.py install is deprecated -W ignore:easy_install command is deprecated setup.py egg_info --egg-base ../../build/my_node_py build --build-base /home/mfauzi/ch3/my_node/build/my_node_py/build install --record /home/mfauzi/ch3/my_node/build/my_node_py/install.log --single-version-externally-managed install_data
[3.098s] Level 1:colcon.colcon_core.environment:checking '/home/mfauzi/ch3/my_node/install/my_node_py' for CMake module files
[3.099s] Level 1:colcon.colcon_core.environment:checking '/home/mfauzi/ch3/my_node/install/my_node_py' for CMake config files
[3.099s] Level 1:colcon.colcon_core.environment:checking '/home/mfauzi/ch3/my_node/install/my_node_py/lib'
[3.100s] Level 1:colcon.colcon_core.environment:checking '/home/mfauzi/ch3/my_node/install/my_node_py/bin'
[3.100s] Level 1:colcon.colcon_core.environment:checking '/home/mfauzi/ch3/my_node/install/my_node_py/lib/pkgconfig/my_node_py.pc'
[3.100s] Level 1:colcon.colcon_core.environment:checking '/home/mfauzi/ch3/my_node/install/my_node_py/lib/python3.12/site-packages'
[3.100s] Level 1:colcon.colcon_core.shell:create_environment_hook('my_node_py', 'pythonpath')
[3.100s] INFO:colcon.colcon_core.shell:Creating environment hook '/home/mfauzi/ch3/my_node/install/my_node_py/share/my_node_py/hook/pythonpath.ps1'
[3.101s] INFO:colcon.colcon_core.shell:Creating environment descriptor '/home/mfauzi/ch3/my_node/install/my_node_py/share/my_node_py/hook/pythonpath.dsv'
[3.101s] INFO:colcon.colcon_core.shell:Creating environment hook '/home/mfauzi/ch3/my_node/install/my_node_py/share/my_node_py/hook/pythonpath.sh'
[3.102s] Level 1:colcon.colcon_core.environment:checking '/home/mfauzi/ch3/my_node/install/my_node_py/bin'
[3.102s] Level 1:colcon.colcon_core.environment:create_environment_scripts_only(my_node_py)
[3.103s] INFO:colcon.colcon_core.shell:Creating package script '/home/mfauzi/ch3/my_node/install/my_node_py/share/my_node_py/package.ps1'
[3.105s] INFO:colcon.colcon_core.shell:Creating package descriptor '/home/mfauzi/ch3/my_node/install/my_node_py/share/my_node_py/package.dsv'
[3.106s] INFO:colcon.colcon_core.shell:Creating package script '/home/mfauzi/ch3/my_node/install/my_node_py/share/my_node_py/package.sh'
[3.108s] INFO:colcon.colcon_core.shell:Creating package script '/home/mfauzi/ch3/my_node/install/my_node_py/share/my_node_py/package.bash'
[3.110s] INFO:colcon.colcon_core.shell:Creating package script '/home/mfauzi/ch3/my_node/install/my_node_py/share/my_node_py/package.zsh'
[3.111s] Level 1:colcon.colcon_core.environment:create_file_with_runtime_dependencies(/home/mfauzi/ch3/my_node/install/my_node_py/share/colcon-core/packages/my_node_py)
[3.113s] DEBUG:colcon.colcon_parallel_executor.executor.parallel:closing loop
[3.114s] DEBUG:colcon.colcon_parallel_executor.executor.parallel:loop closed
[3.115s] DEBUG:colcon.colcon_parallel_executor.executor.parallel:run_until_complete finished with '0'
[3.115s] DEBUG:colcon.colcon_core.event_reactor:joining thread
[3.190s] INFO:colcon.colcon_core.plugin_system:Skipping extension 'colcon_notification.desktop_notification.notify_send': Could not find 'notify-send'
[3.190s] INFO:colcon.colcon_core.plugin_system:Skipping extension 'colcon_notification.desktop_notification.terminal_notifier': Not used on non-Darwin systems
[3.191s] INFO:colcon.colcon_core.plugin_system:Skipping extension 'colcon_notification.desktop_notification.win32': Not used on non-Windows systems
[3.191s] INFO:colcon.colcon_notification.desktop_notification:Sending desktop notification using 'notify2'
[3.252s] DEBUG:colcon.colcon_notification.desktop_notification.notify2:Failed to initialize notify2: org.freedesktop.DBus.Error.ServiceUnknown: The name org.freedesktop.Notifications was not provided by any .service files
[3.253s] DEBUG:colcon.colcon_core.event_reactor:joined thread
[3.253s] INFO:colcon.colcon_core.shell:Creating prefix script '/home/mfauzi/ch3/my_node/install/local_setup.ps1'
[3.256s] INFO:colcon.colcon_core.shell:Creating prefix util module '/home/mfauzi/ch3/my_node/install/_local_setup_util_ps1.py'
[3.258s] INFO:colcon.colcon_core.shell:Creating prefix chain script '/home/mfauzi/ch3/my_node/install/setup.ps1'
[3.261s] INFO:colcon.colcon_core.shell:Creating prefix script '/home/mfauzi/ch3/my_node/install/local_setup.sh'
[3.263s] INFO:colcon.colcon_core.shell:Creating prefix util module '/home/mfauzi/ch3/my_node/install/_local_setup_util_sh.py'
[3.264s] INFO:colcon.colcon_core.shell:Creating prefix chain script '/home/mfauzi/ch3/my_node/install/setup.sh'
[3.266s] INFO:colcon.colcon_core.shell:Creating prefix script '/home/mfauzi/ch3/my_node/install/local_setup.bash'
[3.267s] INFO:colcon.colcon_core.shell:Creating prefix chain script '/home/mfauzi/ch3/my_node/install/setup.bash'
[3.269s] INFO:colcon.colcon_core.shell:Creating prefix script '/home/mfauzi/ch3/my_node/install/local_setup.zsh'
[3.271s] INFO:colcon.colcon_core.shell:Creating prefix chain script '/home/mfauzi/ch3/my_node/install/setup.zsh'
