running egg_info
writing ../../build/node_temp_py/node_temp_py.egg-info/PKG-INFO
writing dependency_links to ../../build/node_temp_py/node_temp_py.egg-info/dependency_links.txt
writing entry points to ../../build/node_temp_py/node_temp_py.egg-info/entry_points.txt
writing requirements to ../../build/node_temp_py/node_temp_py.egg-info/requires.txt
writing top-level names to ../../build/node_temp_py/node_temp_py.egg-info/top_level.txt
reading manifest file '../../build/node_temp_py/node_temp_py.egg-info/SOURCES.txt'
writing manifest file '../../build/node_temp_py/node_temp_py.egg-info/SOURCES.txt'
running build
running build_py
copying node_temp_py/temp_sensor.py -> /home/mfauzi/ros2_ws/build/node_temp_py/build/lib/node_temp_py
running install
running install_lib
copying /home/mfauzi/ros2_ws/build/node_temp_py/build/lib/node_temp_py/temp_sensor.py -> /home/mfauzi/ros2_ws/install/node_temp_py/lib/python3.12/site-packages/node_temp_py
byte-compiling /home/mfauzi/ros2_ws/install/node_temp_py/lib/python3.12/site-packages/node_temp_py/temp_sensor.py to temp_sensor.cpython-312.pyc
running install_data
running install_egg_info
removing '/home/mfauzi/ros2_ws/install/node_temp_py/lib/python3.12/site-packages/node_temp_py-0.0.0-py3.12.egg-info' (and everything under it)
Copying ../../build/node_temp_py/node_temp_py.egg-info to /home/mfauzi/ros2_ws/install/node_temp_py/lib/python3.12/site-packages/node_temp_py-0.0.0-py3.12.egg-info
running install_scripts
Installing temp_display script to /home/mfauzi/ros2_ws/install/node_temp_py/lib/node_temp_py
Installing temp_sensor script to /home/mfauzi/ros2_ws/install/node_temp_py/lib/node_temp_py
writing list of installed files to '/home/mfauzi/ros2_ws/build/node_temp_py/install.log'
