[0.464s] DEBUG:colcon:Command line arguments: ['/usr/bin/colcon', 'build']
[0.464s] DEBUG:colcon:Parsed command line arguments: Namespace(log_base=None, log_level=None, verb_name='build', build_base='build', install_base='install', merge_install=False, symlink_install=False, test_result_base=None, continue_on_error=False, executor='parallel', parallel_workers=8, event_handlers=None, ignore_user_meta=False, metas=['./colcon.meta'], base_paths=['.'], packages_ignore=None, packages_ignore_regex=None, paths=None, packages_up_to=None, packages_up_to_regex=None, packages_above=None, packages_above_and_dependencies=None, packages_above_depth=None, packages_select_by_dep=None, packages_skip_by_dep=None, packages_skip_up_to=None, packages_select_build_failed=False, packages_skip_build_finished=False, packages_select_test_failures=False, packages_skip_test_passed=False, packages_select=None, packages_skip=None, packages_select_regex=None, packages_skip_regex=None, packages_start=None, packages_end=None, allow_overriding=[], cmake_args=None, cmake_target=None, cmake_target_skip_unavailable=False, cmake_clean_cache=False, cmake_clean_first=False, cmake_force_configure=False, ament_cmake_args=None, catkin_cmake_args=None, catkin_skip_building_tests=False, mixin_files=None, mixin=None, verb_parser=<colcon_mixin.mixin.mixin_argument.MixinArgumentDecorator object at 0x7d660a175e50>, verb_extension=<colcon_core.verb.build.BuildVerb object at 0x7d660a175430>, main=<bound method BuildVerb.main of <colcon_core.verb.build.BuildVerb object at 0x7d660a175430>>, mixin_verb=('build',))
[0.569s] Level 1:colcon.colcon_core.package_discovery:discover_packages(colcon_meta) check parameters
[0.570s] Level 1:colcon.colcon_core.package_discovery:discover_packages(recursive) check parameters
[0.570s] Level 1:colcon.colcon_core.package_discovery:discover_packages(ignore) check parameters
[0.570s] Level 1:colcon.colcon_core.package_discovery:discover_packages(path) check parameters
[0.570s] Level 1:colcon.colcon_core.package_discovery:discover_packages(colcon_meta) discover
[0.570s] Level 1:colcon.colcon_core.package_discovery:discover_packages(recursive) discover
[0.570s] INFO:colcon.colcon_core.package_discovery:Crawling recursively for packages in '/home/mfauzi/ros2_ws'
[0.571s] Level 1:colcon.colcon_core.package_identification:_identify(.) by extensions ['ignore', 'ignore_ament_install']
[0.571s] Level 1:colcon.colcon_core.package_identification:_identify(.) by extension 'ignore'
[0.571s] Level 1:colcon.colcon_core.package_identification:_identify(.) by extension 'ignore_ament_install'
[0.571s] Level 1:colcon.colcon_core.package_identification:_identify(.) by extensions ['colcon_pkg']
[0.571s] Level 1:colcon.colcon_core.package_identification:_identify(.) by extension 'colcon_pkg'
[0.571s] Level 1:colcon.colcon_core.package_identification:_identify(.) by extensions ['colcon_meta']
[0.572s] Level 1:colcon.colcon_core.package_identification:_identify(.) by extension 'colcon_meta'
[0.572s] Level 1:colcon.colcon_core.package_identification:_identify(.) by extensions ['ros']
[0.572s] Level 1:colcon.colcon_core.package_identification:_identify(.) by extension 'ros'
[0.640s] Level 1:colcon.colcon_core.package_identification:_identify(.) by extensions ['cmake', 'python']
[0.641s] Level 1:colcon.colcon_core.package_identification:_identify(.) by extension 'cmake'
[0.641s] Level 1:colcon.colcon_core.package_identification:_identify(.) by extension 'python'
[0.641s] Level 1:colcon.colcon_core.package_identification:_identify(.) by extensions ['python_setup_py']
[0.641s] Level 1:colcon.colcon_core.package_identification:_identify(.) by extension 'python_setup_py'
[0.641s] Level 1:colcon.colcon_core.package_identification:_identify(build) by extensions ['ignore', 'ignore_ament_install']
[0.641s] Level 1:colcon.colcon_core.package_identification:_identify(build) by extension 'ignore'
[0.642s] Level 1:colcon.colcon_core.package_identification:_identify(build) ignored
[0.642s] Level 1:colcon.colcon_core.package_identification:_identify(install) by extensions ['ignore', 'ignore_ament_install']
[0.642s] Level 1:colcon.colcon_core.package_identification:_identify(install) by extension 'ignore'
[0.642s] Level 1:colcon.colcon_core.package_identification:_identify(install) ignored
[0.643s] Level 1:colcon.colcon_core.package_identification:_identify(log) by extensions ['ignore', 'ignore_ament_install']
[0.643s] Level 1:colcon.colcon_core.package_identification:_identify(log) by extension 'ignore'
[0.643s] Level 1:colcon.colcon_core.package_identification:_identify(log) ignored
[0.643s] Level 1:colcon.colcon_core.package_identification:_identify(src) by extensions ['ignore', 'ignore_ament_install']
[0.643s] Level 1:colcon.colcon_core.package_identification:_identify(src) by extension 'ignore'
[0.644s] Level 1:colcon.colcon_core.package_identification:_identify(src) by extension 'ignore_ament_install'
[0.644s] Level 1:colcon.colcon_core.package_identification:_identify(src) by extensions ['colcon_pkg']
[0.644s] Level 1:colcon.colcon_core.package_identification:_identify(src) by extension 'colcon_pkg'
[0.644s] Level 1:colcon.colcon_core.package_identification:_identify(src) by extensions ['colcon_meta']
[0.644s] Level 1:colcon.colcon_core.package_identification:_identify(src) by extension 'colcon_meta'
[0.645s] Level 1:colcon.colcon_core.package_identification:_identify(src) by extensions ['ros']
[0.645s] Level 1:colcon.colcon_core.package_identification:_identify(src) by extension 'ros'
[0.645s] Level 1:colcon.colcon_core.package_identification:_identify(src) by extensions ['cmake', 'python']
[0.645s] Level 1:colcon.colcon_core.package_identification:_identify(src) by extension 'cmake'
[0.645s] Level 1:colcon.colcon_core.package_identification:_identify(src) by extension 'python'
[0.645s] Level 1:colcon.colcon_core.package_identification:_identify(src) by extensions ['python_setup_py']
[0.645s] Level 1:colcon.colcon_core.package_identification:_identify(src) by extension 'python_setup_py'
[0.645s] Level 1:colcon.colcon_core.package_identification:_identify(src/my_node_py) by extensions ['ignore', 'ignore_ament_install']
[0.646s] Level 1:colcon.colcon_core.package_identification:_identify(src/my_node_py) by extension 'ignore'
[0.646s] Level 1:colcon.colcon_core.package_identification:_identify(src/my_node_py) by extension 'ignore_ament_install'
[0.646s] Level 1:colcon.colcon_core.package_identification:_identify(src/my_node_py) by extensions ['colcon_pkg']
[0.646s] Level 1:colcon.colcon_core.package_identification:_identify(src/my_node_py) by extension 'colcon_pkg'
[0.646s] Level 1:colcon.colcon_core.package_identification:_identify(src/my_node_py) by extensions ['colcon_meta']
[0.646s] Level 1:colcon.colcon_core.package_identification:_identify(src/my_node_py) by extension 'colcon_meta'
[0.646s] Level 1:colcon.colcon_core.package_identification:_identify(src/my_node_py) by extensions ['ros']
[0.646s] Level 1:colcon.colcon_core.package_identification:_identify(src/my_node_py) by extension 'ros'
[0.652s] DEBUG:colcon.colcon_core.package_identification:Package 'src/my_node_py' with type 'ros.ament_python' and name 'my_node_py'
[0.653s] Level 1:colcon.colcon_core.package_identification:_identify(src/node_temp_py) by extensions ['ignore', 'ignore_ament_install']
[0.653s] Level 1:colcon.colcon_core.package_identification:_identify(src/node_temp_py) by extension 'ignore'
[0.653s] Level 1:colcon.colcon_core.package_identification:_identify(src/node_temp_py) by extension 'ignore_ament_install'
[0.653s] Level 1:colcon.colcon_core.package_identification:_identify(src/node_temp_py) by extensions ['colcon_pkg']
[0.653s] Level 1:colcon.colcon_core.package_identification:_identify(src/node_temp_py) by extension 'colcon_pkg'
[0.654s] Level 1:colcon.colcon_core.package_identification:_identify(src/node_temp_py) by extensions ['colcon_meta']
[0.654s] Level 1:colcon.colcon_core.package_identification:_identify(src/node_temp_py) by extension 'colcon_meta'
[0.654s] Level 1:colcon.colcon_core.package_identification:_identify(src/node_temp_py) by extensions ['ros']
[0.654s] Level 1:colcon.colcon_core.package_identification:_identify(src/node_temp_py) by extension 'ros'
[0.656s] DEBUG:colcon.colcon_core.package_identification:Package 'src/node_temp_py' with type 'ros.ament_python' and name 'node_temp_py'
[0.656s] Level 1:colcon.colcon_core.package_discovery:discover_packages(recursive) using defaults
[0.656s] Level 1:colcon.colcon_core.package_discovery:discover_packages(ignore) discover
[0.656s] Level 1:colcon.colcon_core.package_discovery:discover_packages(ignore) using defaults
[0.656s] Level 1:colcon.colcon_core.package_discovery:discover_packages(path) discover
[0.656s] Level 1:colcon.colcon_core.package_discovery:discover_packages(path) using defaults
[0.693s] Level 1:colcon.colcon_core.package_discovery:discover_packages(prefix_path) check parameters
[0.693s] Level 1:colcon.colcon_core.package_discovery:discover_packages(prefix_path) discover
[0.715s] DEBUG:colcon.colcon_installed_package_information.package_discovery:Found 286 installed packages in /opt/ros/jazzy
[0.720s] Level 1:colcon.colcon_core.package_discovery:discover_packages(prefix_path) using defaults
[0.808s] Level 5:colcon.colcon_core.verb:set package 'my_node_py' build argument 'cmake_args' from command line to 'None'
[0.808s] Level 5:colcon.colcon_core.verb:set package 'my_node_py' build argument 'cmake_target' from command line to 'None'
[0.808s] Level 5:colcon.colcon_core.verb:set package 'my_node_py' build argument 'cmake_target_skip_unavailable' from command line to 'False'
[0.808s] Level 5:colcon.colcon_core.verb:set package 'my_node_py' build argument 'cmake_clean_cache' from command line to 'False'
[0.808s] Level 5:colcon.colcon_core.verb:set package 'my_node_py' build argument 'cmake_clean_first' from command line to 'False'
[0.808s] Level 5:colcon.colcon_core.verb:set package 'my_node_py' build argument 'cmake_force_configure' from command line to 'False'
[0.808s] Level 5:colcon.colcon_core.verb:set package 'my_node_py' build argument 'ament_cmake_args' from command line to 'None'
[0.808s] Level 5:colcon.colcon_core.verb:set package 'my_node_py' build argument 'catkin_cmake_args' from command line to 'None'
[0.808s] Level 5:colcon.colcon_core.verb:set package 'my_node_py' build argument 'catkin_skip_building_tests' from command line to 'False'
[0.808s] DEBUG:colcon.colcon_core.verb:Building package 'my_node_py' with the following arguments: {'ament_cmake_args': None, 'build_base': '/home/mfauzi/ros2_ws/build/my_node_py', 'catkin_cmake_args': None, 'catkin_skip_building_tests': False, 'cmake_args': None, 'cmake_clean_cache': False, 'cmake_clean_first': False, 'cmake_force_configure': False, 'cmake_target': None, 'cmake_target_skip_unavailable': False, 'install_base': '/home/mfauzi/ros2_ws/install/my_node_py', 'merge_install': False, 'path': '/home/mfauzi/ros2_ws/src/my_node_py', 'symlink_install': False, 'test_result_base': None}
[0.809s] Level 5:colcon.colcon_core.verb:set package 'node_temp_py' build argument 'cmake_args' from command line to 'None'
[0.809s] Level 5:colcon.colcon_core.verb:set package 'node_temp_py' build argument 'cmake_target' from command line to 'None'
[0.809s] Level 5:colcon.colcon_core.verb:set package 'node_temp_py' build argument 'cmake_target_skip_unavailable' from command line to 'False'
[0.809s] Level 5:colcon.colcon_core.verb:set package 'node_temp_py' build argument 'cmake_clean_cache' from command line to 'False'
[0.809s] Level 5:colcon.colcon_core.verb:set package 'node_temp_py' build argument 'cmake_clean_first' from command line to 'False'
[0.809s] Level 5:colcon.colcon_core.verb:set package 'node_temp_py' build argument 'cmake_force_configure' from command line to 'False'
[0.809s] Level 5:colcon.colcon_core.verb:set package 'node_temp_py' build argument 'ament_cmake_args' from command line to 'None'
[0.809s] Level 5:colcon.colcon_core.verb:set package 'node_temp_py' build argument 'catkin_cmake_args' from command line to 'None'
[0.809s] Level 5:colcon.colcon_core.verb:set package 'node_temp_py' build argument 'catkin_skip_building_tests' from command line to 'False'
[0.809s] DEBUG:colcon.colcon_core.verb:Building package 'node_temp_py' with the following arguments: {'ament_cmake_args': None, 'build_base': '/home/mfauzi/ros2_ws/build/node_temp_py', 'catkin_cmake_args': None, 'catkin_skip_building_tests': False, 'cmake_args': None, 'cmake_clean_cache': False, 'cmake_clean_first': False, 'cmake_force_configure': False, 'cmake_target': None, 'cmake_target_skip_unavailable': False, 'install_base': '/home/mfauzi/ros2_ws/install/node_temp_py', 'merge_install': False, 'path': '/home/mfauzi/ros2_ws/src/node_temp_py', 'symlink_install': False, 'test_result_base': None}
[0.809s] INFO:colcon.colcon_core.executor:Executing jobs using 'parallel' executor
[0.812s] DEBUG:colcon.colcon_parallel_executor.executor.parallel:run_until_complete
[0.813s] INFO:colcon.colcon_ros.task.ament_python.build:Building ROS package in '/home/mfauzi/ros2_ws/src/my_node_py' with build type 'ament_python'
[0.813s] Level 1:colcon.colcon_core.shell:create_environment_hook('my_node_py', 'ament_prefix_path')
[0.824s] INFO:colcon.colcon_core.plugin_system:Skipping extension 'colcon_core.shell.bat': Not used on non-Windows systems
[0.825s] INFO:colcon.colcon_core.shell:Creating environment hook '/home/mfauzi/ros2_ws/install/my_node_py/share/my_node_py/hook/ament_prefix_path.ps1'
[0.828s] INFO:colcon.colcon_core.shell:Creating environment descriptor '/home/mfauzi/ros2_ws/install/my_node_py/share/my_node_py/hook/ament_prefix_path.dsv'
[0.830s] INFO:colcon.colcon_core.shell:Creating environment hook '/home/mfauzi/ros2_ws/install/my_node_py/share/my_node_py/hook/ament_prefix_path.sh'
[0.833s] INFO:colcon.colcon_core.shell:Skip shell extension 'powershell' for command environment: Not usable outside of PowerShell
[0.833s] DEBUG:colcon.colcon_core.shell:Skip shell extension 'dsv' for command environment
[0.841s] INFO:colcon.colcon_ros.task.ament_python.build:Building ROS package in '/home/mfauzi/ros2_ws/src/node_temp_py' with build type 'ament_python'
[0.841s] Level 1:colcon.colcon_core.shell:create_environment_hook('node_temp_py', 'ament_prefix_path')
[0.842s] INFO:colcon.colcon_core.shell:Creating environment hook '/home/mfauzi/ros2_ws/install/node_temp_py/share/node_temp_py/hook/ament_prefix_path.ps1'
[0.846s] INFO:colcon.colcon_core.shell:Creating environment descriptor '/home/mfauzi/ros2_ws/install/node_temp_py/share/node_temp_py/hook/ament_prefix_path.dsv'
[0.847s] INFO:colcon.colcon_core.shell:Creating environment hook '/home/mfauzi/ros2_ws/install/node_temp_py/share/node_temp_py/hook/ament_prefix_path.sh'
[0.848s] INFO:colcon.colcon_core.shell:Skip shell extension 'powershell' for command environment: Not usable outside of PowerShell
[0.849s] DEBUG:colcon.colcon_core.shell:Skip shell extension 'dsv' for command environment
[1.242s] INFO:colcon.colcon_core.task.python.build:Building Python package in '/home/mfauzi/ros2_ws/src/my_node_py'
[1.243s] INFO:colcon.colcon_core.shell:Skip shell extension 'powershell' for command environment: Not usable outside of PowerShell
[1.243s] DEBUG:colcon.colcon_core.shell:Skip shell extension 'dsv' for command environment
[1.604s] INFO:colcon.colcon_core.task.python.build:Building Python package in '/home/mfauzi/ros2_ws/src/node_temp_py'
[1.605s] INFO:colcon.colcon_core.shell:Skip shell extension 'powershell' for command environment: Not usable outside of PowerShell
[1.605s] DEBUG:colcon.colcon_core.shell:Skip shell extension 'dsv' for command environment
[4.558s] DEBUG:colcon.colcon_core.event_handler.log_command:Invoking command in '/home/mfauzi/ros2_ws/src/node_temp_py': DEBUGINFOD_URLS=https://debuginfod.ubuntu.com PYTHONPATH=/home/mfauzi/ros2_ws/build/node_temp_py/prefix_override:/usr/lib/python3/dist-packages/colcon_core/task/python/colcon_distutils_commands:/home/mfauzi/ros2_ws/install/node_temp_py/lib/python3.12/site-packages:${PYTHONPATH} /usr/bin/python3 -W ignore:setup.py install is deprecated -W ignore:easy_install command is deprecated setup.py egg_info --egg-base ../../build/node_temp_py build --build-base /home/mfauzi/ros2_ws/build/node_temp_py/build install --record /home/mfauzi/ros2_ws/build/node_temp_py/install.log --single-version-externally-managed install_data
[4.570s] DEBUG:colcon.colcon_core.event_handler.log_command:Invoking command in '/home/mfauzi/ros2_ws/src/my_node_py': DEBUGINFOD_URLS=https://debuginfod.ubuntu.com PYTHONPATH=/home/mfauzi/ros2_ws/build/my_node_py/prefix_override:/usr/lib/python3/dist-packages/colcon_core/task/python/colcon_distutils_commands:/home/mfauzi/ros2_ws/install/my_node_py/lib/python3.12/site-packages:${PYTHONPATH} /usr/bin/python3 -W ignore:setup.py install is deprecated -W ignore:easy_install command is deprecated setup.py egg_info --egg-base ../../build/my_node_py build --build-base /home/mfauzi/ros2_ws/build/my_node_py/build install --record /home/mfauzi/ros2_ws/build/my_node_py/install.log --single-version-externally-managed install_data
[5.438s] DEBUG:colcon.colcon_core.event_handler.log_command:Invoked command in '/home/mfauzi/ros2_ws/src/my_node_py' returned '0': DEBUGINFOD_URLS=https://debuginfod.ubuntu.com PYTHONPATH=/home/mfauzi/ros2_ws/build/my_node_py/prefix_override:/usr/lib/python3/dist-packages/colcon_core/task/python/colcon_distutils_commands:/home/mfauzi/ros2_ws/install/my_node_py/lib/python3.12/site-packages:${PYTHONPATH} /usr/bin/python3 -W ignore:setup.py install is deprecated -W ignore:easy_install command is deprecated setup.py egg_info --egg-base ../../build/my_node_py build --build-base /home/mfauzi/ros2_ws/build/my_node_py/build install --record /home/mfauzi/ros2_ws/build/my_node_py/install.log --single-version-externally-managed install_data
[5.455s] Level 1:colcon.colcon_core.environment:checking '/home/mfauzi/ros2_ws/install/my_node_py' for CMake module files
[5.456s] Level 1:colcon.colcon_core.environment:checking '/home/mfauzi/ros2_ws/install/my_node_py' for CMake config files
[5.457s] Level 1:colcon.colcon_core.environment:checking '/home/mfauzi/ros2_ws/install/my_node_py/lib'
[5.458s] Level 1:colcon.colcon_core.environment:checking '/home/mfauzi/ros2_ws/install/my_node_py/bin'
[5.458s] Level 1:colcon.colcon_core.environment:checking '/home/mfauzi/ros2_ws/install/my_node_py/lib/pkgconfig/my_node_py.pc'
[5.459s] Level 1:colcon.colcon_core.environment:checking '/home/mfauzi/ros2_ws/install/my_node_py/lib/python3.12/site-packages'
[5.459s] Level 1:colcon.colcon_core.shell:create_environment_hook('my_node_py', 'pythonpath')
[5.459s] INFO:colcon.colcon_core.shell:Creating environment hook '/home/mfauzi/ros2_ws/install/my_node_py/share/my_node_py/hook/pythonpath.ps1'
[5.460s] INFO:colcon.colcon_core.shell:Creating environment descriptor '/home/mfauzi/ros2_ws/install/my_node_py/share/my_node_py/hook/pythonpath.dsv'
[5.461s] INFO:colcon.colcon_core.shell:Creating environment hook '/home/mfauzi/ros2_ws/install/my_node_py/share/my_node_py/hook/pythonpath.sh'
[5.463s] Level 1:colcon.colcon_core.environment:checking '/home/mfauzi/ros2_ws/install/my_node_py/bin'
[5.463s] Level 1:colcon.colcon_core.environment:create_environment_scripts_only(my_node_py)
[5.463s] INFO:colcon.colcon_core.shell:Creating package script '/home/mfauzi/ros2_ws/install/my_node_py/share/my_node_py/package.ps1'
[5.465s] INFO:colcon.colcon_core.shell:Creating package descriptor '/home/mfauzi/ros2_ws/install/my_node_py/share/my_node_py/package.dsv'
[5.467s] INFO:colcon.colcon_core.shell:Creating package script '/home/mfauzi/ros2_ws/install/my_node_py/share/my_node_py/package.sh'
[5.469s] INFO:colcon.colcon_core.shell:Creating package script '/home/mfauzi/ros2_ws/install/my_node_py/share/my_node_py/package.bash'
[5.471s] INFO:colcon.colcon_core.shell:Creating package script '/home/mfauzi/ros2_ws/install/my_node_py/share/my_node_py/package.zsh'
[5.473s] Level 1:colcon.colcon_core.environment:create_file_with_runtime_dependencies(/home/mfauzi/ros2_ws/install/my_node_py/share/colcon-core/packages/my_node_py)
[5.478s] Level 1:colcon.colcon_core.environment:checking '/home/mfauzi/ros2_ws/install/node_temp_py' for CMake module files
[5.479s] DEBUG:colcon.colcon_core.event_handler.log_command:Invoked command in '/home/mfauzi/ros2_ws/src/node_temp_py' returned '0': DEBUGINFOD_URLS=https://debuginfod.ubuntu.com PYTHONPATH=/home/mfauzi/ros2_ws/build/node_temp_py/prefix_override:/usr/lib/python3/dist-packages/colcon_core/task/python/colcon_distutils_commands:/home/mfauzi/ros2_ws/install/node_temp_py/lib/python3.12/site-packages:${PYTHONPATH} /usr/bin/python3 -W ignore:setup.py install is deprecated -W ignore:easy_install command is deprecated setup.py egg_info --egg-base ../../build/node_temp_py build --build-base /home/mfauzi/ros2_ws/build/node_temp_py/build install --record /home/mfauzi/ros2_ws/build/node_temp_py/install.log --single-version-externally-managed install_data
[5.480s] Level 1:colcon.colcon_core.environment:checking '/home/mfauzi/ros2_ws/install/node_temp_py' for CMake config files
[5.481s] Level 1:colcon.colcon_core.environment:checking '/home/mfauzi/ros2_ws/install/node_temp_py/lib'
[5.481s] Level 1:colcon.colcon_core.environment:checking '/home/mfauzi/ros2_ws/install/node_temp_py/bin'
[5.482s] Level 1:colcon.colcon_core.environment:checking '/home/mfauzi/ros2_ws/install/node_temp_py/lib/pkgconfig/node_temp_py.pc'
[5.482s] Level 1:colcon.colcon_core.environment:checking '/home/mfauzi/ros2_ws/install/node_temp_py/lib/python3.12/site-packages'
[5.482s] Level 1:colcon.colcon_core.shell:create_environment_hook('node_temp_py', 'pythonpath')
[5.483s] INFO:colcon.colcon_core.shell:Creating environment hook '/home/mfauzi/ros2_ws/install/node_temp_py/share/node_temp_py/hook/pythonpath.ps1'
[5.484s] INFO:colcon.colcon_core.shell:Creating environment descriptor '/home/mfauzi/ros2_ws/install/node_temp_py/share/node_temp_py/hook/pythonpath.dsv'
[5.485s] INFO:colcon.colcon_core.shell:Creating environment hook '/home/mfauzi/ros2_ws/install/node_temp_py/share/node_temp_py/hook/pythonpath.sh'
[5.487s] Level 1:colcon.colcon_core.environment:checking '/home/mfauzi/ros2_ws/install/node_temp_py/bin'
[5.487s] Level 1:colcon.colcon_core.environment:create_environment_scripts_only(node_temp_py)
[5.487s] INFO:colcon.colcon_core.shell:Creating package script '/home/mfauzi/ros2_ws/install/node_temp_py/share/node_temp_py/package.ps1'
[5.488s] INFO:colcon.colcon_core.shell:Creating package descriptor '/home/mfauzi/ros2_ws/install/node_temp_py/share/node_temp_py/package.dsv'
[5.489s] INFO:colcon.colcon_core.shell:Creating package script '/home/mfauzi/ros2_ws/install/node_temp_py/share/node_temp_py/package.sh'
[5.490s] INFO:colcon.colcon_core.shell:Creating package script '/home/mfauzi/ros2_ws/install/node_temp_py/share/node_temp_py/package.bash'
[5.491s] INFO:colcon.colcon_core.shell:Creating package script '/home/mfauzi/ros2_ws/install/node_temp_py/share/node_temp_py/package.zsh'
[5.492s] Level 1:colcon.colcon_core.environment:create_file_with_runtime_dependencies(/home/mfauzi/ros2_ws/install/node_temp_py/share/colcon-core/packages/node_temp_py)
[5.493s] DEBUG:colcon.colcon_parallel_executor.executor.parallel:closing loop
[5.494s] DEBUG:colcon.colcon_parallel_executor.executor.parallel:loop closed
[5.494s] DEBUG:colcon.colcon_parallel_executor.executor.parallel:run_until_complete finished with '0'
[5.495s] DEBUG:colcon.colcon_core.event_reactor:joining thread
[5.578s] INFO:colcon.colcon_core.plugin_system:Skipping extension 'colcon_notification.desktop_notification.notify_send': Could not find 'notify-send'
[5.578s] INFO:colcon.colcon_core.plugin_system:Skipping extension 'colcon_notification.desktop_notification.terminal_notifier': Not used on non-Darwin systems
[5.579s] INFO:colcon.colcon_core.plugin_system:Skipping extension 'colcon_notification.desktop_notification.win32': Not used on non-Windows systems
[5.579s] INFO:colcon.colcon_notification.desktop_notification:Sending desktop notification using 'notify2'
[5.665s] DEBUG:colcon.colcon_notification.desktop_notification.notify2:Failed to initialize notify2: org.freedesktop.DBus.Error.ServiceUnknown: The name org.freedesktop.Notifications was not provided by any .service files
[5.665s] DEBUG:colcon.colcon_core.event_reactor:joined thread
[5.666s] INFO:colcon.colcon_core.shell:Creating prefix script '/home/mfauzi/ros2_ws/install/local_setup.ps1'
[5.668s] INFO:colcon.colcon_core.shell:Creating prefix util module '/home/mfauzi/ros2_ws/install/_local_setup_util_ps1.py'
[5.672s] INFO:colcon.colcon_core.shell:Creating prefix chain script '/home/mfauzi/ros2_ws/install/setup.ps1'
[5.674s] INFO:colcon.colcon_core.shell:Creating prefix script '/home/mfauzi/ros2_ws/install/local_setup.sh'
[5.676s] INFO:colcon.colcon_core.shell:Creating prefix util module '/home/mfauzi/ros2_ws/install/_local_setup_util_sh.py'
[5.678s] INFO:colcon.colcon_core.shell:Creating prefix chain script '/home/mfauzi/ros2_ws/install/setup.sh'
[5.683s] INFO:colcon.colcon_core.shell:Creating prefix script '/home/mfauzi/ros2_ws/install/local_setup.bash'
[5.686s] INFO:colcon.colcon_core.shell:Creating prefix chain script '/home/mfauzi/ros2_ws/install/setup.bash'
[5.689s] INFO:colcon.colcon_core.shell:Creating prefix script '/home/mfauzi/ros2_ws/install/local_setup.zsh'
[5.691s] INFO:colcon.colcon_core.shell:Creating prefix chain script '/home/mfauzi/ros2_ws/install/setup.zsh'
