[1.579s] Invoking command in '/home/mfauzi/ros2_ws/src/my_node_py': DEBUGINFOD_URLS=https://debuginfod.ubuntu.com PYTHONPATH=/home/mfauzi/ros2_ws/build/my_node_py/prefix_override:/usr/lib/python3/dist-packages/colcon_core/task/python/colcon_distutils_commands:/home/mfauzi/ros2_ws/install/my_node_py/lib/python3.12/site-packages:${PYTHONPATH} /usr/bin/python3 -W ignore:setup.py install is deprecated -W ignore:easy_install command is deprecated setup.py egg_info --egg-base ../../build/my_node_py build --build-base /home/mfauzi/ros2_ws/build/my_node_py/build install --record /home/mfauzi/ros2_ws/build/my_node_py/install.log --single-version-externally-managed install_data
[1.968s] running egg_info
[1.993s] writing ../../build/my_node_py/my_node_py.egg-info/PKG-INFO
[1.993s] writing dependency_links to ../../build/my_node_py/my_node_py.egg-info/dependency_links.txt
[1.995s] writing entry points to ../../build/my_node_py/my_node_py.egg-info/entry_points.txt
[1.995s] writing requirements to ../../build/my_node_py/my_node_py.egg-info/requires.txt
[1.995s] writing top-level names to ../../build/my_node_py/my_node_py.egg-info/top_level.txt
[2.045s] reading manifest file '../../build/my_node_py/my_node_py.egg-info/SOURCES.txt'
[2.046s] writing manifest file '../../build/my_node_py/my_node_py.egg-info/SOURCES.txt'
[2.047s] running build
[2.047s] running build_py
[2.048s] running install
[2.057s] running install_lib
[2.093s] running install_data
[2.093s] running install_egg_info
[2.125s] removing '/home/mfauzi/ros2_ws/install/my_node_py/lib/python3.12/site-packages/my_node_py-0.0.0-py3.12.egg-info' (and everything under it)
[2.125s] Copying ../../build/my_node_py/my_node_py.egg-info to /home/mfauzi/ros2_ws/install/my_node_py/lib/python3.12/site-packages/my_node_py-0.0.0-py3.12.egg-info
[2.128s] running install_scripts
[2.357s] Installing minimal_node script to /home/mfauzi/ros2_ws/install/my_node_py/lib/my_node_py
[2.358s] writing list of installed files to '/home/mfauzi/ros2_ws/build/my_node_py/install.log'
[2.414s] Invoked command in '/home/mfauzi/ros2_ws/src/my_node_py' returned '0': DEBUGINFOD_URLS=https://debuginfod.ubuntu.com PYTHONPATH=/home/mfauzi/ros2_ws/build/my_node_py/prefix_override:/usr/lib/python3/dist-packages/colcon_core/task/python/colcon_distutils_commands:/home/mfauzi/ros2_ws/install/my_node_py/lib/python3.12/site-packages:${PYTHONPATH} /usr/bin/python3 -W ignore:setup.py install is deprecated -W ignore:easy_install command is deprecated setup.py egg_info --egg-base ../../build/my_node_py build --build-base /home/mfauzi/ros2_ws/build/my_node_py/build install --record /home/mfauzi/ros2_ws/build/my_node_py/install.log --single-version-externally-managed install_data
