[2.566s] Invoking command in '/home/mfauzi/ros2_ws/src/my_node_py': DEBUGINFOD_URLS=https://debuginfod.ubuntu.com PYTHONPATH=/home/mfauzi/ros2_ws/build/my_node_py/prefix_override:/usr/lib/python3/dist-packages/colcon_core/task/python/colcon_distutils_commands:/home/mfauzi/ros2_ws/install/my_node_py/lib/python3.12/site-packages:${PYTHONPATH} /usr/bin/python3 -W ignore:setup.py install is deprecated -W ignore:easy_install command is deprecated setup.py egg_info --egg-base ../../build/my_node_py build --build-base /home/mfauzi/ros2_ws/build/my_node_py/build install --record /home/mfauzi/ros2_ws/build/my_node_py/install.log --single-version-externally-managed install_data
[3.015s] running egg_info
[3.043s] writing ../../build/my_node_py/my_node_py.egg-info/PKG-INFO
[3.046s] writing dependency_links to ../../build/my_node_py/my_node_py.egg-info/dependency_links.txt
[3.047s] writing entry points to ../../build/my_node_py/my_node_py.egg-info/entry_points.txt
[3.048s] writing requirements to ../../build/my_node_py/my_node_py.egg-info/requires.txt
[3.048s] writing top-level names to ../../build/my_node_py/my_node_py.egg-info/top_level.txt
[3.111s] reading manifest file '../../build/my_node_py/my_node_py.egg-info/SOURCES.txt'
[3.113s] writing manifest file '../../build/my_node_py/my_node_py.egg-info/SOURCES.txt'
[3.113s] running build
[3.114s] running build_py
[3.114s] running install
[3.121s] running install_lib
[3.147s] running install_data
[3.148s] running install_egg_info
[3.174s] removing '/home/mfauzi/ros2_ws/install/my_node_py/lib/python3.12/site-packages/my_node_py-0.0.0-py3.12.egg-info' (and everything under it)
[3.174s] Copying ../../build/my_node_py/my_node_py.egg-info to /home/mfauzi/ros2_ws/install/my_node_py/lib/python3.12/site-packages/my_node_py-0.0.0-py3.12.egg-info
[3.180s] running install_scripts
[3.384s] Installing minimal_node script to /home/mfauzi/ros2_ws/install/my_node_py/lib/my_node_py
[3.384s] writing list of installed files to '/home/mfauzi/ros2_ws/build/my_node_py/install.log'
[3.433s] Invoked command in '/home/mfauzi/ros2_ws/src/my_node_py' returned '0': DEBUGINFOD_URLS=https://debuginfod.ubuntu.com PYTHONPATH=/home/mfauzi/ros2_ws/build/my_node_py/prefix_override:/usr/lib/python3/dist-packages/colcon_core/task/python/colcon_distutils_commands:/home/mfauzi/ros2_ws/install/my_node_py/lib/python3.12/site-packages:${PYTHONPATH} /usr/bin/python3 -W ignore:setup.py install is deprecated -W ignore:easy_install command is deprecated setup.py egg_info --egg-base ../../build/my_node_py build --build-base /home/mfauzi/ros2_ws/build/my_node_py/build install --record /home/mfauzi/ros2_ws/build/my_node_py/install.log --single-version-externally-managed install_data
