[2.037s] Invoking command in '/home/mfauzi/ros2_ws/src/my_node_py': DEBUGINFOD_URLS=https://debuginfod.ubuntu.com PYTHONPATH=/home/mfauzi/ros2_ws/build/my_node_py/prefix_override:/usr/lib/python3/dist-packages/colcon_core/task/python/colcon_distutils_commands:/home/mfauzi/ros2_ws/install/my_node_py/lib/python3.12/site-packages:${PYTHONPATH} /usr/bin/python3 -W ignore:setup.py install is deprecated -W ignore:easy_install command is deprecated setup.py egg_info --egg-base ../../build/my_node_py build --build-base /home/mfauzi/ros2_ws/build/my_node_py/build install --record /home/mfauzi/ros2_ws/build/my_node_py/install.log --single-version-externally-managed install_data
[2.448s] running egg_info
[2.450s] creating ../../build/my_node_py/my_node_py.egg-info
[2.485s] writing ../../build/my_node_py/my_node_py.egg-info/PKG-INFO
[2.486s] writing dependency_links to ../../build/my_node_py/my_node_py.egg-info/dependency_links.txt
[2.487s] writing entry points to ../../build/my_node_py/my_node_py.egg-info/entry_points.txt
[2.487s] writing requirements to ../../build/my_node_py/my_node_py.egg-info/requires.txt
[2.487s] writing top-level names to ../../build/my_node_py/my_node_py.egg-info/top_level.txt
[2.487s] writing manifest file '../../build/my_node_py/my_node_py.egg-info/SOURCES.txt'
[2.540s] reading manifest file '../../build/my_node_py/my_node_py.egg-info/SOURCES.txt'
[2.541s] writing manifest file '../../build/my_node_py/my_node_py.egg-info/SOURCES.txt'
[2.541s] running build
[2.542s] running build_py
[2.542s] creating /home/mfauzi/ros2_ws/build/my_node_py/build
[2.542s] creating /home/mfauzi/ros2_ws/build/my_node_py/build/lib
[2.543s] creating /home/mfauzi/ros2_ws/build/my_node_py/build/lib/my_node_py
[2.545s] copying my_node_py/minimal_node.py -> /home/mfauzi/ros2_ws/build/my_node_py/build/lib/my_node_py
[2.545s] copying my_node_py/__init__.py -> /home/mfauzi/ros2_ws/build/my_node_py/build/lib/my_node_py
[2.545s] running install
[2.553s] running install_lib
[2.577s] creating /home/mfauzi/ros2_ws/install/my_node_py/lib/python3.12/site-packages/my_node_py
[2.578s] copying /home/mfauzi/ros2_ws/build/my_node_py/build/lib/my_node_py/minimal_node.py -> /home/mfauzi/ros2_ws/install/my_node_py/lib/python3.12/site-packages/my_node_py
[2.578s] copying /home/mfauzi/ros2_ws/build/my_node_py/build/lib/my_node_py/__init__.py -> /home/mfauzi/ros2_ws/install/my_node_py/lib/python3.12/site-packages/my_node_py
[2.579s] byte-compiling /home/mfauzi/ros2_ws/install/my_node_py/lib/python3.12/site-packages/my_node_py/minimal_node.py to minimal_node.cpython-312.pyc
[2.581s] byte-compiling /home/mfauzi/ros2_ws/install/my_node_py/lib/python3.12/site-packages/my_node_py/__init__.py to __init__.cpython-312.pyc
[2.582s] running install_data
[2.582s] creating /home/mfauzi/ros2_ws/install/my_node_py/share/ament_index
[2.582s] creating /home/mfauzi/ros2_ws/install/my_node_py/share/ament_index/resource_index
[2.583s] creating /home/mfauzi/ros2_ws/install/my_node_py/share/ament_index/resource_index/packages
[2.583s] copying resource/my_node_py -> /home/mfauzi/ros2_ws/install/my_node_py/share/ament_index/resource_index/packages
[2.584s] copying package.xml -> /home/mfauzi/ros2_ws/install/my_node_py/share/my_node_py
[2.584s] running install_egg_info
[2.609s] Copying ../../build/my_node_py/my_node_py.egg-info to /home/mfauzi/ros2_ws/install/my_node_py/lib/python3.12/site-packages/my_node_py-0.0.0-py3.12.egg-info
[2.611s] running install_scripts
[2.826s] Installing minimal_node script to /home/mfauzi/ros2_ws/install/my_node_py/lib/my_node_py
[2.828s] writing list of installed files to '/home/mfauzi/ros2_ws/build/my_node_py/install.log'
[2.875s] Invoked command in '/home/mfauzi/ros2_ws/src/my_node_py' returned '0': DEBUGINFOD_URLS=https://debuginfod.ubuntu.com PYTHONPATH=/home/mfauzi/ros2_ws/build/my_node_py/prefix_override:/usr/lib/python3/dist-packages/colcon_core/task/python/colcon_distutils_commands:/home/mfauzi/ros2_ws/install/my_node_py/lib/python3.12/site-packages:${PYTHONPATH} /usr/bin/python3 -W ignore:setup.py install is deprecated -W ignore:easy_install command is deprecated setup.py egg_info --egg-base ../../build/my_node_py build --build-base /home/mfauzi/ros2_ws/build/my_node_py/build install --record /home/mfauzi/ros2_ws/build/my_node_py/install.log --single-version-externally-managed install_data
