[0.028s] Invoking command in '/home/mfauzi/ch3/my_node/build/my_node_cpp': CMAKE_PREFIX_PATH=${CMAKE_PREFIX_PATH}:/opt/ros/jazzy DEBUGINFOD_URLS=https://debuginfod.ubuntu.com /usr/bin/cmake /home/mfauzi/ch3/my_node/src/my_node_cpp -DCMAKE_INSTALL_PREFIX=/home/mfauzi/ch3/my_node/install/my_node_cpp
[0.498s] -- The C compiler identification is GNU 13.3.0
[1.566s] -- The CXX compiler identification is GNU 13.3.0
[2.467s] -- Detecting C compiler ABI info
[2.937s] -- Detecting C compiler ABI info - done
[2.959s] -- Check for working C compiler: /usr/bin/cc - skipped
[2.961s] -- Detecting C compile features
[2.963s] -- Detecting C compile features - done
[3.097s] -- Detecting CXX compiler ABI info
[3.509s] -- Detecting CXX compiler ABI info - done
[3.522s] -- Check for working CXX compiler: /usr/bin/c++ - skipped
[3.523s] -- Detecting CXX compile features
[3.524s] -- Detecting CXX compile features - done
[3.555s] -- Found ament_cmake: 2.5.5 (/opt/ros/jazzy/share/ament_cmake/cmake)
[3.879s] -- Found Python3: /usr/bin/python3 (found version "3.12.3") found components: Interpreter 
[4.118s] -- Found rclcpp: 28.1.16 (/opt/ros/jazzy/share/rclcpp/cmake)
[4.456s] -- Found rosidl_generator_c: 4.6.7 (/opt/ros/jazzy/share/rosidl_generator_c/cmake)
[4.494s] -- Found rosidl_generator_cpp: 4.6.7 (/opt/ros/jazzy/share/rosidl_generator_cpp/cmake)
[4.547s] -- Using all available rosidl_typesupport_c: rosidl_typesupport_fastrtps_c;rosidl_typesupport_introspection_c
[4.600s] -- Using all available rosidl_typesupport_cpp: rosidl_typesupport_fastrtps_cpp;rosidl_typesupport_introspection_cpp
[4.812s] -- Found rmw_implementation_cmake: 7.3.3 (/opt/ros/jazzy/share/rmw_implementation_cmake/cmake)
[4.825s] -- Found rmw_fastrtps_cpp: 8.4.3 (/opt/ros/jazzy/share/rmw_fastrtps_cpp/cmake)
[5.013s] -- Found OpenSSL: /usr/lib/x86_64-linux-gnu/libcrypto.so (found version "3.0.13")  
[5.289s] -- Found FastRTPS: /opt/ros/jazzy/include (Required is at least version "2.13") 
[5.449s] -- Using RMW implementation 'rmw_fastrtps_cpp' as default
[5.873s] -- Found ament_lint_auto: 0.17.4 (/opt/ros/jazzy/share/ament_lint_auto/cmake)
[6.102s] -- Added test 'cppcheck' to perform static code analysis on C / C++ code
[6.103s] -- Configured cppcheck include dirs: 
[6.103s] -- Configured cppcheck exclude dirs and/or files: 
[6.109s] -- Added test 'lint_cmake' to check CMake code style
[6.113s] -- Added test 'uncrustify' to check C / C++ code style
[6.113s] -- Configured uncrustify additional arguments: 
[6.115s] -- Added test 'xmllint' to check XML markup files
[6.121s] -- Configuring done (6.0s)
[6.144s] -- Generating done (0.0s)
[6.155s] -- Build files have been written to: /home/mfauzi/ch3/my_node/build/my_node_cpp
[6.177s] Invoked command in '/home/mfauzi/ch3/my_node/build/my_node_cpp' returned '0': CMAKE_PREFIX_PATH=${CMAKE_PREFIX_PATH}:/opt/ros/jazzy DEBUGINFOD_URLS=https://debuginfod.ubuntu.com /usr/bin/cmake /home/mfauzi/ch3/my_node/src/my_node_cpp -DCMAKE_INSTALL_PREFIX=/home/mfauzi/ch3/my_node/install/my_node_cpp
[6.183s] Invoking command in '/home/mfauzi/ch3/my_node/build/my_node_cpp': CMAKE_PREFIX_PATH=${CMAKE_PREFIX_PATH}:/opt/ros/jazzy DEBUGINFOD_URLS=https://debuginfod.ubuntu.com /usr/bin/cmake --build /home/mfauzi/ch3/my_node/build/my_node_cpp -- -j8 -l8
[6.254s] [ 50%] [32mBuilding CXX object CMakeFiles/minimal_node.dir/src/minimal_node.cpp.o[0m
[12.658s] [100%] [32m[1mLinking CXX executable minimal_node[0m
[13.025s] [100%] Built target minimal_node
[13.051s] Invoked command in '/home/mfauzi/ch3/my_node/build/my_node_cpp' returned '0': CMAKE_PREFIX_PATH=${CMAKE_PREFIX_PATH}:/opt/ros/jazzy DEBUGINFOD_URLS=https://debuginfod.ubuntu.com /usr/bin/cmake --build /home/mfauzi/ch3/my_node/build/my_node_cpp -- -j8 -l8
[13.073s] Invoking command in '/home/mfauzi/ch3/my_node/build/my_node_cpp': CMAKE_PREFIX_PATH=${CMAKE_PREFIX_PATH}:/opt/ros/jazzy DEBUGINFOD_URLS=https://debuginfod.ubuntu.com /usr/bin/cmake --install /home/mfauzi/ch3/my_node/build/my_node_cpp
[13.089s] -- Install configuration: ""
[13.089s] -- Installing: /home/mfauzi/ch3/my_node/install/my_node_cpp/share/ament_index/resource_index/package_run_dependencies/my_node_cpp
[13.090s] -- Installing: /home/mfauzi/ch3/my_node/install/my_node_cpp/share/ament_index/resource_index/parent_prefix_path/my_node_cpp
[13.091s] -- Installing: /home/mfauzi/ch3/my_node/install/my_node_cpp/share/my_node_cpp/environment/ament_prefix_path.sh
[13.092s] -- Installing: /home/mfauzi/ch3/my_node/install/my_node_cpp/share/my_node_cpp/environment/ament_prefix_path.dsv
[13.092s] -- Installing: /home/mfauzi/ch3/my_node/install/my_node_cpp/share/my_node_cpp/environment/path.sh
[13.093s] -- Installing: /home/mfauzi/ch3/my_node/install/my_node_cpp/share/my_node_cpp/environment/path.dsv
[13.094s] -- Installing: /home/mfauzi/ch3/my_node/install/my_node_cpp/share/my_node_cpp/local_setup.bash
[13.094s] -- Installing: /home/mfauzi/ch3/my_node/install/my_node_cpp/share/my_node_cpp/local_setup.sh
[13.095s] -- Installing: /home/mfauzi/ch3/my_node/install/my_node_cpp/share/my_node_cpp/local_setup.zsh
[13.095s] -- Installing: /home/mfauzi/ch3/my_node/install/my_node_cpp/share/my_node_cpp/local_setup.dsv
[13.096s] -- Installing: /home/mfauzi/ch3/my_node/install/my_node_cpp/share/my_node_cpp/package.dsv
[13.096s] -- Installing: /home/mfauzi/ch3/my_node/install/my_node_cpp/share/ament_index/resource_index/packages/my_node_cpp
[13.096s] -- Installing: /home/mfauzi/ch3/my_node/install/my_node_cpp/share/my_node_cpp/cmake/my_node_cppConfig.cmake
[13.096s] -- Installing: /home/mfauzi/ch3/my_node/install/my_node_cpp/share/my_node_cpp/cmake/my_node_cppConfig-version.cmake
[13.097s] -- Installing: /home/mfauzi/ch3/my_node/install/my_node_cpp/share/my_node_cpp/package.xml
[13.098s] -- Installing: /home/mfauzi/ch3/my_node/install/my_node_cpp/lib/my_node_cpp/minimal_node
[13.099s] -- Set non-toolchain portion of runtime path of "/home/mfauzi/ch3/my_node/install/my_node_cpp/lib/my_node_cpp/minimal_node" to ""
[13.106s] Invoked command in '/home/mfauzi/ch3/my_node/build/my_node_cpp' returned '0': CMAKE_PREFIX_PATH=${CMAKE_PREFIX_PATH}:/opt/ros/jazzy DEBUGINFOD_URLS=https://debuginfod.ubuntu.com /usr/bin/cmake --install /home/mfauzi/ch3/my_node/build/my_node_cpp
